ERROR - 2016-07-08 09:33:24 - exception 'Twig_Error_Loader' with message 'Unable to find template "./sections/topbanner.tpl" (looked into: ./templates) in "pages/home.tpl" at line 4.' in /var/www/html/Twig/Loader/Filesystem.php:191
Stack trace:
#0 /var/www/html/Twig/Loader/Filesystem.php(138): Twig_Loader_Filesystem->findTemplate('./sections/topb...')
#1 /var/www/html/Twig/Environment.php(265): Twig_Loader_Filesystem->getCacheKey('./sections/topb...')
#2 /var/www/html/Twig/Environment.php(323): Twig_Environment->getTemplateClass('./sections/topb...', NULL)
#3 /var/www/html/cache/templates_c/2b/e3/429d67837cc3ea62cb1bb39bf23deb86ad519a2724f0be671df506c85ab5.php(25): Twig_Environment->loadTemplate('./sections/topb...')
#4 /var/www/html/Twig/Template.php(279): __TwigTemplate_2be3429d67837cc3ea62cb1bb39bf23deb86ad519a2724f0be671df506c85ab5->doDisplay(Array, Array)
#5 /var/www/html/Twig/Template.php(253): Twig_Template->displayWithErrorHandling(Array, Array)
#6 /var/www/html/Twig/Template.php(264): Twig_Template->display(Array)
#7 /var/www/html/Yee/Views/Twig.php(91): Twig_Template->render(Array)
#8 /var/www/html/Yee/View.php(255): Yee\Views\Twig->render('pages/home.tpl', NULL)
#9 /var/www/html/Yee/View.php(243): Yee\View->fetch('pages/home.tpl', NULL)
#10 /var/www/html/Yee/Yee.php(764): Yee\View->display('pages/home.tpl')
#11 /var/www/html/App/Controllers/Home/HomeController.php(27): Yee\Yee->render('pages/home.tpl', Array)
#12 [internal function]: HomeController->indexAction()
#13 /var/www/html/Yee/Managers/Controller/Controller.php(22): call_user_func_array(Array, Array)
#14 [internal function]: Yee\Managers\Controller\Controller::__callStatic('___indexAction', Array)
#15 [internal function]: HomeController::___indexAction()
#16 /var/www/html/Yee/Route.php(462): call_user_func_array('HomeController:...', Array)
#17 /var/www/html/Yee/Yee.php(1333): Yee\Route->dispatch()
#18 /var/www/html/Yee/Middleware/Flash.php(85): Yee\Yee->call()
#19 /var/www/html/Yee/Middleware/MethodOverride.php(92): Yee\Middleware\Flash->call()
#20 /var/www/html/Yee/Middleware/PrettyExceptions.php(67): Yee\Middleware\MethodOverride->call()
#21 /var/www/html/Yee/Yee.php(1278): Yee\Middleware\PrettyExceptions->call()
#22 /var/www/html/index.php(48): Yee\Yee->execute()
#23 {main}
ERROR - 2016-07-08 09:33:54 - exception 'Twig_Error_Loader' with message 'Unable to find template "./sections/topbanner.tpl" (looked into: ./templates) in "pages/home.tpl" at line 4.' in /var/www/html/Twig/Loader/Filesystem.php:191
Stack trace:
#0 /var/www/html/Twig/Loader/Filesystem.php(138): Twig_Loader_Filesystem->findTemplate('./sections/topb...')
#1 /var/www/html/Twig/Environment.php(265): Twig_Loader_Filesystem->getCacheKey('./sections/topb...')
#2 /var/www/html/Twig/Environment.php(323): Twig_Environment->getTemplateClass('./sections/topb...', NULL)
#3 /var/www/html/cache/templates_c/2b/e3/429d67837cc3ea62cb1bb39bf23deb86ad519a2724f0be671df506c85ab5.php(25): Twig_Environment->loadTemplate('./sections/topb...')
#4 /var/www/html/Twig/Template.php(279): __TwigTemplate_2be3429d67837cc3ea62cb1bb39bf23deb86ad519a2724f0be671df506c85ab5->doDisplay(Array, Array)
#5 /var/www/html/Twig/Template.php(253): Twig_Template->displayWithErrorHandling(Array, Array)
#6 /var/www/html/Twig/Template.php(264): Twig_Template->display(Array)
#7 /var/www/html/Yee/Views/Twig.php(91): Twig_Template->render(Array)
#8 /var/www/html/Yee/View.php(255): Yee\Views\Twig->render('pages/home.tpl', NULL)
#9 /var/www/html/Yee/View.php(243): Yee\View->fetch('pages/home.tpl', NULL)
#10 /var/www/html/Yee/Yee.php(764): Yee\View->display('pages/home.tpl')
#11 /var/www/html/App/Controllers/Home/HomeController.php(27): Yee\Yee->render('pages/home.tpl', Array)
#12 [internal function]: HomeController->indexAction()
#13 /var/www/html/Yee/Managers/Controller/Controller.php(22): call_user_func_array(Array, Array)
#14 [internal function]: Yee\Managers\Controller\Controller::__callStatic('___indexAction', Array)
#15 [internal function]: HomeController::___indexAction()
#16 /var/www/html/Yee/Route.php(462): call_user_func_array('HomeController:...', Array)
#17 /var/www/html/Yee/Yee.php(1333): Yee\Route->dispatch()
#18 /var/www/html/Yee/Middleware/Flash.php(85): Yee\Yee->call()
#19 /var/www/html/Yee/Middleware/MethodOverride.php(92): Yee\Middleware\Flash->call()
#20 /var/www/html/Yee/Middleware/PrettyExceptions.php(67): Yee\Middleware\MethodOverride->call()
#21 /var/www/html/Yee/Yee.php(1278): Yee\Middleware\PrettyExceptions->call()
#22 /var/www/html/index.php(48): Yee\Yee->execute()
#23 {main}
