ERROR - 2016-07-15 09:50:44 - exception 'ErrorException' with message 'Undefined variable: acmodel' in /var/www/html/App/Controllers/Activation/ActivationController.php:22
Stack trace:
#0 /var/www/html/App/Controllers/Activation/ActivationController.php(22): Yee\Yee::handleErrors(8, 'Undefined varia...', '/var/www/html/A...', 22, Array)
#1 [internal function]: ActivationController->activationAction('757b203c2f1d39b...')
#2 /var/www/html/Yee/Managers/Controller/Controller.php(22): call_user_func_array(Array, Array)
#3 [internal function]: Yee\Managers\Controller\Controller::__callStatic('___activationAc...', Array)
#4 [internal function]: ActivationController::___activationAction('757b203c2f1d39b...')
#5 /var/www/html/Yee/Route.php(462): call_user_func_array('ActivationContr...', Array)
#6 /var/www/html/Yee/Yee.php(1333): Yee\Route->dispatch()
#7 /var/www/html/Yee/Middleware/Flash.php(85): Yee\Yee->call()
#8 /var/www/html/Yee/Middleware/MethodOverride.php(92): Yee\Middleware\Flash->call()
#9 /var/www/html/Yee/Middleware/PrettyExceptions.php(67): Yee\Middleware\MethodOverride->call()
#10 /var/www/html/Yee/Yee.php(1278): Yee\Middleware\PrettyExceptions->call()
#11 /var/www/html/index.php(48): Yee\Yee->execute()
#12 {main}
ERROR - 2016-07-15 09:54:16 - exception 'ErrorException' with message 'Undefined variable: acmodel' in /var/www/html/App/Controllers/Activation/ActivationController.php:30
Stack trace:
#0 /var/www/html/App/Controllers/Activation/ActivationController.php(30): Yee\Yee::handleErrors(8, 'Undefined varia...', '/var/www/html/A...', 30, Array)
#1 [internal function]: ActivationController->activationAction('757b203c2f1d39b...')
#2 /var/www/html/Yee/Managers/Controller/Controller.php(22): call_user_func_array(Array, Array)
#3 [internal function]: Yee\Managers\Controller\Controller::__callStatic('___activationAc...', Array)
#4 [internal function]: ActivationController::___activationAction('757b203c2f1d39b...')
#5 /var/www/html/Yee/Route.php(462): call_user_func_array('ActivationContr...', Array)
#6 /var/www/html/Yee/Yee.php(1333): Yee\Route->dispatch()
#7 /var/www/html/Yee/Middleware/Flash.php(85): Yee\Yee->call()
#8 /var/www/html/Yee/Middleware/MethodOverride.php(92): Yee\Middleware\Flash->call()
#9 /var/www/html/Yee/Middleware/PrettyExceptions.php(67): Yee\Middleware\MethodOverride->call()
#10 /var/www/html/Yee/Yee.php(1278): Yee\Middleware\PrettyExceptions->call()
#11 /var/www/html/index.php(48): Yee\Yee->execute()
#12 {main}
