ERROR - 2016-07-07 09:36:55 - exception 'Twig_Error_Loader' with message 'Unable to find template "pages/signup.tpl" (looked into: ./templates).' in /var/www/html/Twig/Loader/Filesystem.php:191
Stack trace:
#0 /var/www/html/Twig/Loader/Filesystem.php(138): Twig_Loader_Filesystem->findTemplate('pages/signup.tp...')
#1 /var/www/html/Twig/Environment.php(265): Twig_Loader_Filesystem->getCacheKey('pages/signup.tp...')
#2 /var/www/html/Twig/Environment.php(323): Twig_Environment->getTemplateClass('pages/signup.tp...', NULL)
#3 /var/www/html/Yee/Views/Twig.php(87): Twig_Environment->loadTemplate('pages/signup.tp...')
#4 /var/www/html/Yee/View.php(255): Yee\Views\Twig->render('pages/signup.tp...', NULL)
#5 /var/www/html/Yee/View.php(243): Yee\View->fetch('pages/signup.tp...', NULL)
#6 /var/www/html/Yee/Yee.php(764): Yee\View->display('pages/signup.tp...')
#7 /var/www/html/App/Controllers/Signup/SignupController.php(19): Yee\Yee->render('pages/signup.tp...', Array)
#8 [internal function]: SignupController->indexAction('en')
#9 /var/www/html/Yee/Managers/Controller/Controller.php(22): call_user_func_array(Array, Array)
#10 [internal function]: Yee\Managers\Controller\Controller::__callStatic('___indexAction', Array)
#11 [internal function]: SignupController::___indexAction('en')
#12 /var/www/html/Yee/Route.php(462): call_user_func_array('SignupControlle...', Array)
#13 /var/www/html/Yee/Yee.php(1333): Yee\Route->dispatch()
#14 /var/www/html/Yee/Middleware/Flash.php(85): Yee\Yee->call()
#15 /var/www/html/Yee/Middleware/MethodOverride.php(92): Yee\Middleware\Flash->call()
#16 /var/www/html/Yee/Middleware/PrettyExceptions.php(67): Yee\Middleware\MethodOverride->call()
#17 /var/www/html/Yee/Yee.php(1278): Yee\Middleware\PrettyExceptions->call()
#18 /var/www/html/index.php(48): Yee\Yee->execute()
#19 {main}
ERROR - 2016-07-07 11:10:41 - exception 'Twig_Error_Syntax' with message 'Unexpected token "number" of value "2" ("end of print statement" expected) in "pages/signup.tpl" at line 5' in /var/www/html/Twig/TokenStream.php:88
Stack trace:
#0 /var/www/html/Twig/Parser.php(142): Twig_TokenStream->expect(4)
#1 /var/www/html/Twig/Parser.php(95): Twig_Parser->subparse(NULL, false)
#2 /var/www/html/Twig/Environment.php(507): Twig_Parser->parse(Object(Twig_TokenStream))
#3 /var/www/html/Twig/Environment.php(559): Twig_Environment->parse(Object(Twig_TokenStream))
#4 /var/www/html/Twig/Environment.php(334): Twig_Environment->compileSource('{% include "./c...', 'pages/signup.tp...')
#5 /var/www/html/Yee/Views/Twig.php(87): Twig_Environment->loadTemplate('pages/signup.tp...')
#6 /var/www/html/Yee/View.php(255): Yee\Views\Twig->render('pages/signup.tp...', NULL)
#7 /var/www/html/Yee/View.php(243): Yee\View->fetch('pages/signup.tp...', NULL)
#8 /var/www/html/Yee/Yee.php(764): Yee\View->display('pages/signup.tp...')
#9 /var/www/html/App/Controllers/Signup/SignupController.php(27): Yee\Yee->render('pages/signup.tp...', Array)
#10 [internal function]: SignupController->indexAction()
#11 /var/www/html/Yee/Managers/Controller/Controller.php(22): call_user_func_array(Array, Array)
#12 [internal function]: Yee\Managers\Controller\Controller::__callStatic('___indexAction', Array)
#13 [internal function]: SignupController::___indexAction()
#14 /var/www/html/Yee/Route.php(462): call_user_func_array('SignupControlle...', Array)
#15 /var/www/html/Yee/Yee.php(1333): Yee\Route->dispatch()
#16 /var/www/html/Yee/Middleware/Flash.php(85): Yee\Yee->call()
#17 /var/www/html/Yee/Middleware/MethodOverride.php(92): Yee\Middleware\Flash->call()
#18 /var/www/html/Yee/Middleware/PrettyExceptions.php(67): Yee\Middleware\MethodOverride->call()
#19 /var/www/html/Yee/Yee.php(1278): Yee\Middleware\PrettyExceptions->call()
#20 /var/www/html/index.php(48): Yee\Yee->execute()
#21 {main}
