ERROR - 2016-07-18 12:58:02 - exception 'ErrorException' with message 'Undefined property: App\Models\Ajax\AjaxModel::$email' in /var/www/html/App/Models/Ajax/AjaxModel.php:21
Stack trace:
#0 /var/www/html/App/Models/Ajax/AjaxModel.php(21): Yee\Yee::handleErrors(8, 'Undefined prope...', '/var/www/html/A...', 21, Array)
#1 /var/www/html/App/Models/Ajax/AjaxModel.php(28): App\Models\Ajax\AjaxModel->User()
#2 /var/www/html/App/Models/Ajax/AjaxModel.php(67): App\Models\Ajax\AjaxModel->CheckIfEmailExists()
#3 /var/www/html/App/Controllers/Ajax/AjaxController.php(25): App\Models\Ajax\AjaxModel->Validate()
#4 [internal function]: AjaxController->LogInAjax()
#5 /var/www/html/Yee/Managers/Controller/Controller.php(22): call_user_func_array(Array, Array)
#6 [internal function]: Yee\Managers\Controller\Controller::__callStatic('___LogInAjax', Array)
#7 [internal function]: AjaxController::___LogInAjax()
#8 /var/www/html/Yee/Route.php(462): call_user_func_array('AjaxController:...', Array)
#9 /var/www/html/Yee/Yee.php(1333): Yee\Route->dispatch()
#10 /var/www/html/Yee/Middleware/Flash.php(85): Yee\Yee->call()
#11 /var/www/html/Yee/Middleware/MethodOverride.php(92): Yee\Middleware\Flash->call()
#12 /var/www/html/Yee/Middleware/PrettyExceptions.php(67): Yee\Middleware\MethodOverride->call()
#13 /var/www/html/Yee/Yee.php(1278): Yee\Middleware\PrettyExceptions->call()
#14 /var/www/html/index.php(48): Yee\Yee->execute()
#15 {main}
ERROR - 2016-07-18 12:58:03 - exception 'ErrorException' with message 'Undefined property: App\Models\Ajax\AjaxModel::$email' in /var/www/html/App/Models/Ajax/AjaxModel.php:21
Stack trace:
#0 /var/www/html/App/Models/Ajax/AjaxModel.php(21): Yee\Yee::handleErrors(8, 'Undefined prope...', '/var/www/html/A...', 21, Array)
#1 /var/www/html/App/Models/Ajax/AjaxModel.php(28): App\Models\Ajax\AjaxModel->User()
#2 /var/www/html/App/Models/Ajax/AjaxModel.php(67): App\Models\Ajax\AjaxModel->CheckIfEmailExists()
#3 /var/www/html/App/Controllers/Ajax/AjaxController.php(25): App\Models\Ajax\AjaxModel->Validate()
#4 [internal function]: AjaxController->LogInAjax()
#5 /var/www/html/Yee/Managers/Controller/Controller.php(22): call_user_func_array(Array, Array)
#6 [internal function]: Yee\Managers\Controller\Controller::__callStatic('___LogInAjax', Array)
#7 [internal function]: AjaxController::___LogInAjax()
#8 /var/www/html/Yee/Route.php(462): call_user_func_array('AjaxController:...', Array)
#9 /var/www/html/Yee/Yee.php(1333): Yee\Route->dispatch()
#10 /var/www/html/Yee/Middleware/Flash.php(85): Yee\Yee->call()
#11 /var/www/html/Yee/Middleware/MethodOverride.php(92): Yee\Middleware\Flash->call()
#12 /var/www/html/Yee/Middleware/PrettyExceptions.php(67): Yee\Middleware\MethodOverride->call()
#13 /var/www/html/Yee/Yee.php(1278): Yee\Middleware\PrettyExceptions->call()
#14 /var/www/html/index.php(48): Yee\Yee->execute()
#15 {main}
ERROR - 2016-07-18 12:59:36 - exception 'ErrorException' with message 'Undefined property: App\Models\Ajax\AjaxModel::$email' in /var/www/html/App/Models/Ajax/AjaxModel.php:21
Stack trace:
#0 /var/www/html/App/Models/Ajax/AjaxModel.php(21): Yee\Yee::handleErrors(8, 'Undefined prope...', '/var/www/html/A...', 21, Array)
#1 /var/www/html/App/Models/Ajax/AjaxModel.php(28): App\Models\Ajax\AjaxModel->User()
#2 /var/www/html/App/Models/Ajax/AjaxModel.php(67): App\Models\Ajax\AjaxModel->CheckIfEmailExists()
#3 /var/www/html/App/Controllers/Ajax/AjaxController.php(25): App\Models\Ajax\AjaxModel->Validate()
#4 [internal function]: AjaxController->LogInAjax()
#5 /var/www/html/Yee/Managers/Controller/Controller.php(22): call_user_func_array(Array, Array)
#6 [internal function]: Yee\Managers\Controller\Controller::__callStatic('___LogInAjax', Array)
#7 [internal function]: AjaxController::___LogInAjax()
#8 /var/www/html/Yee/Route.php(462): call_user_func_array('AjaxController:...', Array)
#9 /var/www/html/Yee/Yee.php(1333): Yee\Route->dispatch()
#10 /var/www/html/Yee/Middleware/Flash.php(85): Yee\Yee->call()
#11 /var/www/html/Yee/Middleware/MethodOverride.php(92): Yee\Middleware\Flash->call()
#12 /var/www/html/Yee/Middleware/PrettyExceptions.php(67): Yee\Middleware\MethodOverride->call()
#13 /var/www/html/Yee/Yee.php(1278): Yee\Middleware\PrettyExceptions->call()
#14 /var/www/html/index.php(48): Yee\Yee->execute()
#15 {main}
ERROR - 2016-07-18 12:59:41 - exception 'ErrorException' with message 'Undefined property: App\Models\Ajax\AjaxModel::$email' in /var/www/html/App/Models/Ajax/AjaxModel.php:21
Stack trace:
#0 /var/www/html/App/Models/Ajax/AjaxModel.php(21): Yee\Yee::handleErrors(8, 'Undefined prope...', '/var/www/html/A...', 21, Array)
#1 /var/www/html/App/Models/Ajax/AjaxModel.php(28): App\Models\Ajax\AjaxModel->User()
#2 /var/www/html/App/Models/Ajax/AjaxModel.php(67): App\Models\Ajax\AjaxModel->CheckIfEmailExists()
#3 /var/www/html/App/Controllers/Ajax/AjaxController.php(25): App\Models\Ajax\AjaxModel->Validate()
#4 [internal function]: AjaxController->LogInAjax()
#5 /var/www/html/Yee/Managers/Controller/Controller.php(22): call_user_func_array(Array, Array)
#6 [internal function]: Yee\Managers\Controller\Controller::__callStatic('___LogInAjax', Array)
#7 [internal function]: AjaxController::___LogInAjax()
#8 /var/www/html/Yee/Route.php(462): call_user_func_array('AjaxController:...', Array)
#9 /var/www/html/Yee/Yee.php(1333): Yee\Route->dispatch()
#10 /var/www/html/Yee/Middleware/Flash.php(85): Yee\Yee->call()
#11 /var/www/html/Yee/Middleware/MethodOverride.php(92): Yee\Middleware\Flash->call()
#12 /var/www/html/Yee/Middleware/PrettyExceptions.php(67): Yee\Middleware\MethodOverride->call()
#13 /var/www/html/Yee/Yee.php(1278): Yee\Middleware\PrettyExceptions->call()
#14 /var/www/html/index.php(48): Yee\Yee->execute()
#15 {main}
ERROR - 2016-07-18 12:59:41 - exception 'ErrorException' with message 'Undefined property: App\Models\Ajax\AjaxModel::$email' in /var/www/html/App/Models/Ajax/AjaxModel.php:21
Stack trace:
#0 /var/www/html/App/Models/Ajax/AjaxModel.php(21): Yee\Yee::handleErrors(8, 'Undefined prope...', '/var/www/html/A...', 21, Array)
#1 /var/www/html/App/Models/Ajax/AjaxModel.php(28): App\Models\Ajax\AjaxModel->User()
#2 /var/www/html/App/Models/Ajax/AjaxModel.php(67): App\Models\Ajax\AjaxModel->CheckIfEmailExists()
#3 /var/www/html/App/Controllers/Ajax/AjaxController.php(25): App\Models\Ajax\AjaxModel->Validate()
#4 [internal function]: AjaxController->LogInAjax()
#5 /var/www/html/Yee/Managers/Controller/Controller.php(22): call_user_func_array(Array, Array)
#6 [internal function]: Yee\Managers\Controller\Controller::__callStatic('___LogInAjax', Array)
#7 [internal function]: AjaxController::___LogInAjax()
#8 /var/www/html/Yee/Route.php(462): call_user_func_array('AjaxController:...', Array)
#9 /var/www/html/Yee/Yee.php(1333): Yee\Route->dispatch()
#10 /var/www/html/Yee/Middleware/Flash.php(85): Yee\Yee->call()
#11 /var/www/html/Yee/Middleware/MethodOverride.php(92): Yee\Middleware\Flash->call()
#12 /var/www/html/Yee/Middleware/PrettyExceptions.php(67): Yee\Middleware\MethodOverride->call()
#13 /var/www/html/Yee/Yee.php(1278): Yee\Middleware\PrettyExceptions->call()
#14 /var/www/html/index.php(48): Yee\Yee->execute()
#15 {main}
ERROR - 2016-07-18 12:59:41 - exception 'ErrorException' with message 'Undefined property: App\Models\Ajax\AjaxModel::$email' in /var/www/html/App/Models/Ajax/AjaxModel.php:21
Stack trace:
#0 /var/www/html/App/Models/Ajax/AjaxModel.php(21): Yee\Yee::handleErrors(8, 'Undefined prope...', '/var/www/html/A...', 21, Array)
#1 /var/www/html/App/Models/Ajax/AjaxModel.php(28): App\Models\Ajax\AjaxModel->User()
#2 /var/www/html/App/Models/Ajax/AjaxModel.php(67): App\Models\Ajax\AjaxModel->CheckIfEmailExists()
#3 /var/www/html/App/Controllers/Ajax/AjaxController.php(25): App\Models\Ajax\AjaxModel->Validate()
#4 [internal function]: AjaxController->LogInAjax()
#5 /var/www/html/Yee/Managers/Controller/Controller.php(22): call_user_func_array(Array, Array)
#6 [internal function]: Yee\Managers\Controller\Controller::__callStatic('___LogInAjax', Array)
#7 [internal function]: AjaxController::___LogInAjax()
#8 /var/www/html/Yee/Route.php(462): call_user_func_array('AjaxController:...', Array)
#9 /var/www/html/Yee/Yee.php(1333): Yee\Route->dispatch()
#10 /var/www/html/Yee/Middleware/Flash.php(85): Yee\Yee->call()
#11 /var/www/html/Yee/Middleware/MethodOverride.php(92): Yee\Middleware\Flash->call()
#12 /var/www/html/Yee/Middleware/PrettyExceptions.php(67): Yee\Middleware\MethodOverride->call()
#13 /var/www/html/Yee/Yee.php(1278): Yee\Middleware\PrettyExceptions->call()
#14 /var/www/html/index.php(48): Yee\Yee->execute()
#15 {main}
ERROR - 2016-07-18 12:59:42 - exception 'ErrorException' with message 'Undefined property: App\Models\Ajax\AjaxModel::$email' in /var/www/html/App/Models/Ajax/AjaxModel.php:21
Stack trace:
#0 /var/www/html/App/Models/Ajax/AjaxModel.php(21): Yee\Yee::handleErrors(8, 'Undefined prope...', '/var/www/html/A...', 21, Array)
#1 /var/www/html/App/Models/Ajax/AjaxModel.php(28): App\Models\Ajax\AjaxModel->User()
#2 /var/www/html/App/Models/Ajax/AjaxModel.php(67): App\Models\Ajax\AjaxModel->CheckIfEmailExists()
#3 /var/www/html/App/Controllers/Ajax/AjaxController.php(25): App\Models\Ajax\AjaxModel->Validate()
#4 [internal function]: AjaxController->LogInAjax()
#5 /var/www/html/Yee/Managers/Controller/Controller.php(22): call_user_func_array(Array, Array)
#6 [internal function]: Yee\Managers\Controller\Controller::__callStatic('___LogInAjax', Array)
#7 [internal function]: AjaxController::___LogInAjax()
#8 /var/www/html/Yee/Route.php(462): call_user_func_array('AjaxController:...', Array)
#9 /var/www/html/Yee/Yee.php(1333): Yee\Route->dispatch()
#10 /var/www/html/Yee/Middleware/Flash.php(85): Yee\Yee->call()
#11 /var/www/html/Yee/Middleware/MethodOverride.php(92): Yee\Middleware\Flash->call()
#12 /var/www/html/Yee/Middleware/PrettyExceptions.php(67): Yee\Middleware\MethodOverride->call()
#13 /var/www/html/Yee/Yee.php(1278): Yee\Middleware\PrettyExceptions->call()
#14 /var/www/html/index.php(48): Yee\Yee->execute()
#15 {main}
ERROR - 2016-07-18 13:00:59 - exception 'ErrorException' with message 'Undefined property: App\Models\Ajax\AjaxModel::$email' in /var/www/html/App/Models/Ajax/AjaxModel.php:21
Stack trace:
#0 /var/www/html/App/Models/Ajax/AjaxModel.php(21): Yee\Yee::handleErrors(8, 'Undefined prope...', '/var/www/html/A...', 21, Array)
#1 /var/www/html/App/Models/Ajax/AjaxModel.php(28): App\Models\Ajax\AjaxModel->User()
#2 /var/www/html/App/Models/Ajax/AjaxModel.php(67): App\Models\Ajax\AjaxModel->CheckIfEmailExists()
#3 /var/www/html/App/Controllers/Ajax/AjaxController.php(25): App\Models\Ajax\AjaxModel->Validate()
#4 [internal function]: AjaxController->LogInAjax()
#5 /var/www/html/Yee/Managers/Controller/Controller.php(22): call_user_func_array(Array, Array)
#6 [internal function]: Yee\Managers\Controller\Controller::__callStatic('___LogInAjax', Array)
#7 [internal function]: AjaxController::___LogInAjax()
#8 /var/www/html/Yee/Route.php(462): call_user_func_array('AjaxController:...', Array)
#9 /var/www/html/Yee/Yee.php(1333): Yee\Route->dispatch()
#10 /var/www/html/Yee/Middleware/Flash.php(85): Yee\Yee->call()
#11 /var/www/html/Yee/Middleware/MethodOverride.php(92): Yee\Middleware\Flash->call()
#12 /var/www/html/Yee/Middleware/PrettyExceptions.php(67): Yee\Middleware\MethodOverride->call()
#13 /var/www/html/Yee/Yee.php(1278): Yee\Middleware\PrettyExceptions->call()
#14 /var/www/html/index.php(48): Yee\Yee->execute()
#15 {main}
ERROR - 2016-07-18 13:01:02 - exception 'ErrorException' with message 'Undefined property: App\Models\Ajax\AjaxModel::$email' in /var/www/html/App/Models/Ajax/AjaxModel.php:21
Stack trace:
#0 /var/www/html/App/Models/Ajax/AjaxModel.php(21): Yee\Yee::handleErrors(8, 'Undefined prope...', '/var/www/html/A...', 21, Array)
#1 /var/www/html/App/Models/Ajax/AjaxModel.php(28): App\Models\Ajax\AjaxModel->User()
#2 /var/www/html/App/Models/Ajax/AjaxModel.php(67): App\Models\Ajax\AjaxModel->CheckIfEmailExists()
#3 /var/www/html/App/Controllers/Ajax/AjaxController.php(25): App\Models\Ajax\AjaxModel->Validate()
#4 [internal function]: AjaxController->LogInAjax()
#5 /var/www/html/Yee/Managers/Controller/Controller.php(22): call_user_func_array(Array, Array)
#6 [internal function]: Yee\Managers\Controller\Controller::__callStatic('___LogInAjax', Array)
#7 [internal function]: AjaxController::___LogInAjax()
#8 /var/www/html/Yee/Route.php(462): call_user_func_array('AjaxController:...', Array)
#9 /var/www/html/Yee/Yee.php(1333): Yee\Route->dispatch()
#10 /var/www/html/Yee/Middleware/Flash.php(85): Yee\Yee->call()
#11 /var/www/html/Yee/Middleware/MethodOverride.php(92): Yee\Middleware\Flash->call()
#12 /var/www/html/Yee/Middleware/PrettyExceptions.php(67): Yee\Middleware\MethodOverride->call()
#13 /var/www/html/Yee/Yee.php(1278): Yee\Middleware\PrettyExceptions->call()
#14 /var/www/html/index.php(48): Yee\Yee->execute()
#15 {main}
ERROR - 2016-07-18 13:02:12 - exception 'ErrorException' with message 'Undefined property: App\Models\Ajax\AjaxModel::$email' in /var/www/html/App/Models/Ajax/AjaxModel.php:21
Stack trace:
#0 /var/www/html/App/Models/Ajax/AjaxModel.php(21): Yee\Yee::handleErrors(8, 'Undefined prope...', '/var/www/html/A...', 21, Array)
#1 /var/www/html/App/Models/Ajax/AjaxModel.php(28): App\Models\Ajax\AjaxModel->User()
#2 /var/www/html/App/Models/Ajax/AjaxModel.php(67): App\Models\Ajax\AjaxModel->CheckIfEmailExists()
#3 /var/www/html/App/Controllers/Ajax/AjaxController.php(25): App\Models\Ajax\AjaxModel->Validate()
#4 [internal function]: AjaxController->LogInAjaxAction()
#5 /var/www/html/Yee/Managers/Controller/Controller.php(22): call_user_func_array(Array, Array)
#6 [internal function]: Yee\Managers\Controller\Controller::__callStatic('___LogInAjaxAct...', Array)
#7 [internal function]: AjaxController::___LogInAjaxAction()
#8 /var/www/html/Yee/Route.php(462): call_user_func_array('AjaxController:...', Array)
#9 /var/www/html/Yee/Yee.php(1333): Yee\Route->dispatch()
#10 /var/www/html/Yee/Middleware/Flash.php(85): Yee\Yee->call()
#11 /var/www/html/Yee/Middleware/MethodOverride.php(92): Yee\Middleware\Flash->call()
#12 /var/www/html/Yee/Middleware/PrettyExceptions.php(67): Yee\Middleware\MethodOverride->call()
#13 /var/www/html/Yee/Yee.php(1278): Yee\Middleware\PrettyExceptions->call()
#14 /var/www/html/index.php(48): Yee\Yee->execute()
#15 {main}
ERROR - 2016-07-18 13:02:18 - exception 'ErrorException' with message 'Undefined property: App\Models\Ajax\AjaxModel::$email' in /var/www/html/App/Models/Ajax/AjaxModel.php:21
Stack trace:
#0 /var/www/html/App/Models/Ajax/AjaxModel.php(21): Yee\Yee::handleErrors(8, 'Undefined prope...', '/var/www/html/A...', 21, Array)
#1 /var/www/html/App/Models/Ajax/AjaxModel.php(28): App\Models\Ajax\AjaxModel->User()
#2 /var/www/html/App/Models/Ajax/AjaxModel.php(67): App\Models\Ajax\AjaxModel->CheckIfEmailExists()
#3 /var/www/html/App/Controllers/Ajax/AjaxController.php(25): App\Models\Ajax\AjaxModel->Validate()
#4 [internal function]: AjaxController->LogInAjaxAction()
#5 /var/www/html/Yee/Managers/Controller/Controller.php(22): call_user_func_array(Array, Array)
#6 [internal function]: Yee\Managers\Controller\Controller::__callStatic('___LogInAjaxAct...', Array)
#7 [internal function]: AjaxController::___LogInAjaxAction()
#8 /var/www/html/Yee/Route.php(462): call_user_func_array('AjaxController:...', Array)
#9 /var/www/html/Yee/Yee.php(1333): Yee\Route->dispatch()
#10 /var/www/html/Yee/Middleware/Flash.php(85): Yee\Yee->call()
#11 /var/www/html/Yee/Middleware/MethodOverride.php(92): Yee\Middleware\Flash->call()
#12 /var/www/html/Yee/Middleware/PrettyExceptions.php(67): Yee\Middleware\MethodOverride->call()
#13 /var/www/html/Yee/Yee.php(1278): Yee\Middleware\PrettyExceptions->call()
#14 /var/www/html/index.php(48): Yee\Yee->execute()
#15 {main}
ERROR - 2016-07-18 13:03:41 - exception 'ErrorException' with message 'Undefined property: App\Models\Ajax\AjaxModel::$email' in /var/www/html/App/Models/Ajax/AjaxModel.php:21
Stack trace:
#0 /var/www/html/App/Models/Ajax/AjaxModel.php(21): Yee\Yee::handleErrors(8, 'Undefined prope...', '/var/www/html/A...', 21, Array)
#1 /var/www/html/App/Models/Ajax/AjaxModel.php(28): App\Models\Ajax\AjaxModel->User()
#2 /var/www/html/App/Models/Ajax/AjaxModel.php(67): App\Models\Ajax\AjaxModel->CheckIfEmailExists()
#3 /var/www/html/App/Controllers/Ajax/AjaxController.php(25): App\Models\Ajax\AjaxModel->Validate()
#4 [internal function]: AjaxController->LogInAjaxAction()
#5 /var/www/html/Yee/Managers/Controller/Controller.php(22): call_user_func_array(Array, Array)
#6 [internal function]: Yee\Managers\Controller\Controller::__callStatic('___LogInAjaxAct...', Array)
#7 [internal function]: AjaxController::___LogInAjaxAction()
#8 /var/www/html/Yee/Route.php(462): call_user_func_array('AjaxController:...', Array)
#9 /var/www/html/Yee/Yee.php(1333): Yee\Route->dispatch()
#10 /var/www/html/Yee/Middleware/Flash.php(85): Yee\Yee->call()
#11 /var/www/html/Yee/Middleware/MethodOverride.php(92): Yee\Middleware\Flash->call()
#12 /var/www/html/Yee/Middleware/PrettyExceptions.php(67): Yee\Middleware\MethodOverride->call()
#13 /var/www/html/Yee/Yee.php(1278): Yee\Middleware\PrettyExceptions->call()
#14 /var/www/html/index.php(48): Yee\Yee->execute()
#15 {main}
ERROR - 2016-07-18 13:04:13 - exception 'ErrorException' with message 'Undefined property: App\Models\Ajax\AjaxModel::$email' in /var/www/html/App/Models/Ajax/AjaxModel.php:21
Stack trace:
#0 /var/www/html/App/Models/Ajax/AjaxModel.php(21): Yee\Yee::handleErrors(8, 'Undefined prope...', '/var/www/html/A...', 21, Array)
#1 /var/www/html/App/Models/Ajax/AjaxModel.php(28): App\Models\Ajax\AjaxModel->User()
#2 /var/www/html/App/Models/Ajax/AjaxModel.php(67): App\Models\Ajax\AjaxModel->CheckIfEmailExists()
#3 /var/www/html/App/Controllers/Ajax/AjaxController.php(25): App\Models\Ajax\AjaxModel->Validate()
#4 [internal function]: AjaxController->LogInAjaxAction()
#5 /var/www/html/Yee/Managers/Controller/Controller.php(22): call_user_func_array(Array, Array)
#6 [internal function]: Yee\Managers\Controller\Controller::__callStatic('___LogInAjaxAct...', Array)
#7 [internal function]: AjaxController::___LogInAjaxAction()
#8 /var/www/html/Yee/Route.php(462): call_user_func_array('AjaxController:...', Array)
#9 /var/www/html/Yee/Yee.php(1333): Yee\Route->dispatch()
#10 /var/www/html/Yee/Middleware/Flash.php(85): Yee\Yee->call()
#11 /var/www/html/Yee/Middleware/MethodOverride.php(92): Yee\Middleware\Flash->call()
#12 /var/www/html/Yee/Middleware/PrettyExceptions.php(67): Yee\Middleware\MethodOverride->call()
#13 /var/www/html/Yee/Yee.php(1278): Yee\Middleware\PrettyExceptions->call()
#14 /var/www/html/index.php(48): Yee\Yee->execute()
#15 {main}
ERROR - 2016-07-18 13:05:37 - exception 'ErrorException' with message 'Undefined property: App\Models\Ajax\AjaxModel::$email' in /var/www/html/App/Models/Ajax/AjaxModel.php:21
Stack trace:
#0 /var/www/html/App/Models/Ajax/AjaxModel.php(21): Yee\Yee::handleErrors(8, 'Undefined prope...', '/var/www/html/A...', 21, Array)
#1 /var/www/html/App/Models/Ajax/AjaxModel.php(42): App\Models\Ajax\AjaxModel->User()
#2 /var/www/html/App/Models/Ajax/AjaxModel.php(65): App\Models\Ajax\AjaxModel->CheckPassword()
#3 /var/www/html/App/Controllers/Ajax/AjaxController.php(25): App\Models\Ajax\AjaxModel->Validate()
#4 [internal function]: AjaxController->LogInAjaxAction()
#5 /var/www/html/Yee/Managers/Controller/Controller.php(22): call_user_func_array(Array, Array)
#6 [internal function]: Yee\Managers\Controller\Controller::__callStatic('___LogInAjaxAct...', Array)
#7 [internal function]: AjaxController::___LogInAjaxAction()
#8 /var/www/html/Yee/Route.php(462): call_user_func_array('AjaxController:...', Array)
#9 /var/www/html/Yee/Yee.php(1333): Yee\Route->dispatch()
#10 /var/www/html/Yee/Middleware/Flash.php(85): Yee\Yee->call()
#11 /var/www/html/Yee/Middleware/MethodOverride.php(92): Yee\Middleware\Flash->call()
#12 /var/www/html/Yee/Middleware/PrettyExceptions.php(67): Yee\Middleware\MethodOverride->call()
#13 /var/www/html/Yee/Yee.php(1278): Yee\Middleware\PrettyExceptions->call()
#14 /var/www/html/index.php(48): Yee\Yee->execute()
#15 {main}
ERROR - 2016-07-18 13:07:00 - exception 'ErrorException' with message 'Undefined property: App\Models\Ajax\AjaxModel::$email' in /var/www/html/App/Models/Ajax/AjaxModel.php:21
Stack trace:
#0 /var/www/html/App/Models/Ajax/AjaxModel.php(21): Yee\Yee::handleErrors(8, 'Undefined prope...', '/var/www/html/A...', 21, Array)
#1 /var/www/html/App/Models/Ajax/AjaxModel.php(41): App\Models\Ajax\AjaxModel->User()
#2 /var/www/html/App/Models/Ajax/AjaxModel.php(64): App\Models\Ajax\AjaxModel->CheckPassword()
#3 /var/www/html/App/Controllers/Ajax/AjaxController.php(25): App\Models\Ajax\AjaxModel->Validate()
#4 [internal function]: AjaxController->LogInAjaxAction()
#5 /var/www/html/Yee/Managers/Controller/Controller.php(22): call_user_func_array(Array, Array)
#6 [internal function]: Yee\Managers\Controller\Controller::__callStatic('___LogInAjaxAct...', Array)
#7 [internal function]: AjaxController::___LogInAjaxAction()
#8 /var/www/html/Yee/Route.php(462): call_user_func_array('AjaxController:...', Array)
#9 /var/www/html/Yee/Yee.php(1333): Yee\Route->dispatch()
#10 /var/www/html/Yee/Middleware/Flash.php(85): Yee\Yee->call()
#11 /var/www/html/Yee/Middleware/MethodOverride.php(92): Yee\Middleware\Flash->call()
#12 /var/www/html/Yee/Middleware/PrettyExceptions.php(67): Yee\Middleware\MethodOverride->call()
#13 /var/www/html/Yee/Yee.php(1278): Yee\Middleware\PrettyExceptions->call()
#14 /var/www/html/index.php(48): Yee\Yee->execute()
#15 {main}
ERROR - 2016-07-18 13:07:34 - exception 'ErrorException' with message 'Undefined index: password' in /var/www/html/App/Models/Ajax/AjaxModel.php:43
Stack trace:
#0 /var/www/html/App/Models/Ajax/AjaxModel.php(43): Yee\Yee::handleErrors(8, 'Undefined index...', '/var/www/html/A...', 43, Array)
#1 /var/www/html/App/Models/Ajax/AjaxModel.php(65): App\Models\Ajax\AjaxModel->CheckPassword()
#2 /var/www/html/App/Controllers/Ajax/AjaxController.php(25): App\Models\Ajax\AjaxModel->Validate()
#3 [internal function]: AjaxController->LogInAjaxAction()
#4 /var/www/html/Yee/Managers/Controller/Controller.php(22): call_user_func_array(Array, Array)
#5 [internal function]: Yee\Managers\Controller\Controller::__callStatic('___LogInAjaxAct...', Array)
#6 [internal function]: AjaxController::___LogInAjaxAction()
#7 /var/www/html/Yee/Route.php(462): call_user_func_array('AjaxController:...', Array)
#8 /var/www/html/Yee/Yee.php(1333): Yee\Route->dispatch()
#9 /var/www/html/Yee/Middleware/Flash.php(85): Yee\Yee->call()
#10 /var/www/html/Yee/Middleware/MethodOverride.php(92): Yee\Middleware\Flash->call()
#11 /var/www/html/Yee/Middleware/PrettyExceptions.php(67): Yee\Middleware\MethodOverride->call()
#12 /var/www/html/Yee/Yee.php(1278): Yee\Middleware\PrettyExceptions->call()
#13 /var/www/html/index.php(48): Yee\Yee->execute()
#14 {main}
ERROR - 2016-07-18 13:08:29 - exception 'ErrorException' with message 'Undefined property: App\Models\Ajax\AjaxModel::$email' in /var/www/html/App/Models/Ajax/AjaxModel.php:21
Stack trace:
#0 /var/www/html/App/Models/Ajax/AjaxModel.php(21): Yee\Yee::handleErrors(8, 'Undefined prope...', '/var/www/html/A...', 21, Array)
#1 /var/www/html/App/Models/Ajax/AjaxModel.php(41): App\Models\Ajax\AjaxModel->User()
#2 /var/www/html/App/Models/Ajax/AjaxModel.php(66): App\Models\Ajax\AjaxModel->CheckPassword()
#3 /var/www/html/App/Controllers/Ajax/AjaxController.php(25): App\Models\Ajax\AjaxModel->Validate()
#4 [internal function]: AjaxController->LogInAjaxAction()
#5 /var/www/html/Yee/Managers/Controller/Controller.php(22): call_user_func_array(Array, Array)
#6 [internal function]: Yee\Managers\Controller\Controller::__callStatic('___LogInAjaxAct...', Array)
#7 [internal function]: AjaxController::___LogInAjaxAction()
#8 /var/www/html/Yee/Route.php(462): call_user_func_array('AjaxController:...', Array)
#9 /var/www/html/Yee/Yee.php(1333): Yee\Route->dispatch()
#10 /var/www/html/Yee/Middleware/Flash.php(85): Yee\Yee->call()
#11 /var/www/html/Yee/Middleware/MethodOverride.php(92): Yee\Middleware\Flash->call()
#12 /var/www/html/Yee/Middleware/PrettyExceptions.php(67): Yee\Middleware\MethodOverride->call()
#13 /var/www/html/Yee/Yee.php(1278): Yee\Middleware\PrettyExceptions->call()
#14 /var/www/html/index.php(48): Yee\Yee->execute()
#15 {main}
ERROR - 2016-07-18 13:08:36 - exception 'ErrorException' with message 'Undefined property: App\Models\Ajax\AjaxModel::$email' in /var/www/html/App/Models/Ajax/AjaxModel.php:21
Stack trace:
#0 /var/www/html/App/Models/Ajax/AjaxModel.php(21): Yee\Yee::handleErrors(8, 'Undefined prope...', '/var/www/html/A...', 21, Array)
#1 /var/www/html/App/Models/Ajax/AjaxModel.php(41): App\Models\Ajax\AjaxModel->User()
#2 /var/www/html/App/Models/Ajax/AjaxModel.php(66): App\Models\Ajax\AjaxModel->CheckPassword()
#3 /var/www/html/App/Controllers/Ajax/AjaxController.php(25): App\Models\Ajax\AjaxModel->Validate()
#4 [internal function]: AjaxController->LogInAjaxAction()
#5 /var/www/html/Yee/Managers/Controller/Controller.php(22): call_user_func_array(Array, Array)
#6 [internal function]: Yee\Managers\Controller\Controller::__callStatic('___LogInAjaxAct...', Array)
#7 [internal function]: AjaxController::___LogInAjaxAction()
#8 /var/www/html/Yee/Route.php(462): call_user_func_array('AjaxController:...', Array)
#9 /var/www/html/Yee/Yee.php(1333): Yee\Route->dispatch()
#10 /var/www/html/Yee/Middleware/Flash.php(85): Yee\Yee->call()
#11 /var/www/html/Yee/Middleware/MethodOverride.php(92): Yee\Middleware\Flash->call()
#12 /var/www/html/Yee/Middleware/PrettyExceptions.php(67): Yee\Middleware\MethodOverride->call()
#13 /var/www/html/Yee/Yee.php(1278): Yee\Middleware\PrettyExceptions->call()
#14 /var/www/html/index.php(48): Yee\Yee->execute()
#15 {main}
ERROR - 2016-07-18 13:10:42 - exception 'ErrorException' with message 'Undefined property: App\Models\Ajax\AjaxModel::$email' in /var/www/html/App/Models/Ajax/AjaxModel.php:21
Stack trace:
#0 /var/www/html/App/Models/Ajax/AjaxModel.php(21): Yee\Yee::handleErrors(8, 'Undefined prope...', '/var/www/html/A...', 21, Array)
#1 /var/www/html/App/Models/Ajax/AjaxModel.php(41): App\Models\Ajax\AjaxModel->User()
#2 /var/www/html/App/Models/Ajax/AjaxModel.php(66): App\Models\Ajax\AjaxModel->CheckPassword()
#3 /var/www/html/App/Controllers/Ajax/AjaxController.php(25): App\Models\Ajax\AjaxModel->Validate()
#4 [internal function]: AjaxController->LogInAjaxAction()
#5 /var/www/html/Yee/Managers/Controller/Controller.php(22): call_user_func_array(Array, Array)
#6 [internal function]: Yee\Managers\Controller\Controller::__callStatic('___LogInAjaxAct...', Array)
#7 [internal function]: AjaxController::___LogInAjaxAction()
#8 /var/www/html/Yee/Route.php(462): call_user_func_array('AjaxController:...', Array)
#9 /var/www/html/Yee/Yee.php(1333): Yee\Route->dispatch()
#10 /var/www/html/Yee/Middleware/Flash.php(85): Yee\Yee->call()
#11 /var/www/html/Yee/Middleware/MethodOverride.php(92): Yee\Middleware\Flash->call()
#12 /var/www/html/Yee/Middleware/PrettyExceptions.php(67): Yee\Middleware\MethodOverride->call()
#13 /var/www/html/Yee/Yee.php(1278): Yee\Middleware\PrettyExceptions->call()
#14 /var/www/html/index.php(48): Yee\Yee->execute()
#15 {main}
ERROR - 2016-07-18 13:13:29 - exception 'ErrorException' with message 'Undefined property: App\Models\Ajax\AjaxModel::$email' in /var/www/html/App/Models/Ajax/AjaxModel.php:21
Stack trace:
#0 /var/www/html/App/Models/Ajax/AjaxModel.php(21): Yee\Yee::handleErrors(8, 'Undefined prope...', '/var/www/html/A...', 21, Array)
#1 /var/www/html/App/Models/Ajax/AjaxModel.php(41): App\Models\Ajax\AjaxModel->User()
#2 /var/www/html/App/Models/Ajax/AjaxModel.php(66): App\Models\Ajax\AjaxModel->CheckPassword()
#3 /var/www/html/App/Controllers/Ajax/AjaxController.php(25): App\Models\Ajax\AjaxModel->Validate()
#4 [internal function]: AjaxController->LogInAjaxAction()
#5 /var/www/html/Yee/Managers/Controller/Controller.php(22): call_user_func_array(Array, Array)
#6 [internal function]: Yee\Managers\Controller\Controller::__callStatic('___LogInAjaxAct...', Array)
#7 [internal function]: AjaxController::___LogInAjaxAction()
#8 /var/www/html/Yee/Route.php(462): call_user_func_array('AjaxController:...', Array)
#9 /var/www/html/Yee/Yee.php(1333): Yee\Route->dispatch()
#10 /var/www/html/Yee/Middleware/Flash.php(85): Yee\Yee->call()
#11 /var/www/html/Yee/Middleware/MethodOverride.php(92): Yee\Middleware\Flash->call()
#12 /var/www/html/Yee/Middleware/PrettyExceptions.php(67): Yee\Middleware\MethodOverride->call()
#13 /var/www/html/Yee/Yee.php(1278): Yee\Middleware\PrettyExceptions->call()
#14 /var/www/html/index.php(48): Yee\Yee->execute()
#15 {main}
