ERROR - 2016-07-20 08:25:50 - exception 'ErrorException' with message 'Undefined variable: data' in /var/www/html/App/Controllers/Ajax/AjaxController.php:39
Stack trace:
#0 /var/www/html/App/Controllers/Ajax/AjaxController.php(39): Yee\Yee::handleErrors(8, 'Undefined varia...', '/var/www/html/A...', 39, Array)
#1 [internal function]: AjaxController->logInAjaxAction()
#2 /var/www/html/Yee/Managers/Controller/Controller.php(22): call_user_func_array(Array, Array)
#3 [internal function]: Yee\Managers\Controller\Controller::__callStatic('___logInAjaxAct...', Array)
#4 [internal function]: AjaxController::___logInAjaxAction()
#5 /var/www/html/Yee/Route.php(462): call_user_func_array('AjaxController:...', Array)
#6 /var/www/html/Yee/Yee.php(1333): Yee\Route->dispatch()
#7 /var/www/html/Yee/Middleware/Flash.php(85): Yee\Yee->call()
#8 /var/www/html/Yee/Middleware/MethodOverride.php(92): Yee\Middleware\Flash->call()
#9 /var/www/html/Yee/Middleware/PrettyExceptions.php(67): Yee\Middleware\MethodOverride->call()
#10 /var/www/html/Yee/Yee.php(1278): Yee\Middleware\PrettyExceptions->call()
#11 /var/www/html/index.php(48): Yee\Yee->execute()
#12 {main}
ERROR - 2016-07-20 08:25:51 - exception 'ErrorException' with message 'Undefined variable: data' in /var/www/html/App/Controllers/Ajax/AjaxController.php:39
Stack trace:
#0 /var/www/html/App/Controllers/Ajax/AjaxController.php(39): Yee\Yee::handleErrors(8, 'Undefined varia...', '/var/www/html/A...', 39, Array)
#1 [internal function]: AjaxController->logInAjaxAction()
#2 /var/www/html/Yee/Managers/Controller/Controller.php(22): call_user_func_array(Array, Array)
#3 [internal function]: Yee\Managers\Controller\Controller::__callStatic('___logInAjaxAct...', Array)
#4 [internal function]: AjaxController::___logInAjaxAction()
#5 /var/www/html/Yee/Route.php(462): call_user_func_array('AjaxController:...', Array)
#6 /var/www/html/Yee/Yee.php(1333): Yee\Route->dispatch()
#7 /var/www/html/Yee/Middleware/Flash.php(85): Yee\Yee->call()
#8 /var/www/html/Yee/Middleware/MethodOverride.php(92): Yee\Middleware\Flash->call()
#9 /var/www/html/Yee/Middleware/PrettyExceptions.php(67): Yee\Middleware\MethodOverride->call()
#10 /var/www/html/Yee/Yee.php(1278): Yee\Middleware\PrettyExceptions->call()
#11 /var/www/html/index.php(48): Yee\Yee->execute()
#12 {main}
ERROR - 2016-07-20 08:25:52 - exception 'ErrorException' with message 'Undefined variable: data' in /var/www/html/App/Controllers/Ajax/AjaxController.php:39
Stack trace:
#0 /var/www/html/App/Controllers/Ajax/AjaxController.php(39): Yee\Yee::handleErrors(8, 'Undefined varia...', '/var/www/html/A...', 39, Array)
#1 [internal function]: AjaxController->logInAjaxAction()
#2 /var/www/html/Yee/Managers/Controller/Controller.php(22): call_user_func_array(Array, Array)
#3 [internal function]: Yee\Managers\Controller\Controller::__callStatic('___logInAjaxAct...', Array)
#4 [internal function]: AjaxController::___logInAjaxAction()
#5 /var/www/html/Yee/Route.php(462): call_user_func_array('AjaxController:...', Array)
#6 /var/www/html/Yee/Yee.php(1333): Yee\Route->dispatch()
#7 /var/www/html/Yee/Middleware/Flash.php(85): Yee\Yee->call()
#8 /var/www/html/Yee/Middleware/MethodOverride.php(92): Yee\Middleware\Flash->call()
#9 /var/www/html/Yee/Middleware/PrettyExceptions.php(67): Yee\Middleware\MethodOverride->call()
#10 /var/www/html/Yee/Yee.php(1278): Yee\Middleware\PrettyExceptions->call()
#11 /var/www/html/index.php(48): Yee\Yee->execute()
#12 {main}
ERROR - 2016-07-20 08:25:52 - exception 'ErrorException' with message 'Undefined variable: data' in /var/www/html/App/Controllers/Ajax/AjaxController.php:39
Stack trace:
#0 /var/www/html/App/Controllers/Ajax/AjaxController.php(39): Yee\Yee::handleErrors(8, 'Undefined varia...', '/var/www/html/A...', 39, Array)
#1 [internal function]: AjaxController->logInAjaxAction()
#2 /var/www/html/Yee/Managers/Controller/Controller.php(22): call_user_func_array(Array, Array)
#3 [internal function]: Yee\Managers\Controller\Controller::__callStatic('___logInAjaxAct...', Array)
#4 [internal function]: AjaxController::___logInAjaxAction()
#5 /var/www/html/Yee/Route.php(462): call_user_func_array('AjaxController:...', Array)
#6 /var/www/html/Yee/Yee.php(1333): Yee\Route->dispatch()
#7 /var/www/html/Yee/Middleware/Flash.php(85): Yee\Yee->call()
#8 /var/www/html/Yee/Middleware/MethodOverride.php(92): Yee\Middleware\Flash->call()
#9 /var/www/html/Yee/Middleware/PrettyExceptions.php(67): Yee\Middleware\MethodOverride->call()
#10 /var/www/html/Yee/Yee.php(1278): Yee\Middleware\PrettyExceptions->call()
#11 /var/www/html/index.php(48): Yee\Yee->execute()
#12 {main}
ERROR - 2016-07-20 08:25:52 - exception 'ErrorException' with message 'Undefined variable: data' in /var/www/html/App/Controllers/Ajax/AjaxController.php:39
Stack trace:
#0 /var/www/html/App/Controllers/Ajax/AjaxController.php(39): Yee\Yee::handleErrors(8, 'Undefined varia...', '/var/www/html/A...', 39, Array)
#1 [internal function]: AjaxController->logInAjaxAction()
#2 /var/www/html/Yee/Managers/Controller/Controller.php(22): call_user_func_array(Array, Array)
#3 [internal function]: Yee\Managers\Controller\Controller::__callStatic('___logInAjaxAct...', Array)
#4 [internal function]: AjaxController::___logInAjaxAction()
#5 /var/www/html/Yee/Route.php(462): call_user_func_array('AjaxController:...', Array)
#6 /var/www/html/Yee/Yee.php(1333): Yee\Route->dispatch()
#7 /var/www/html/Yee/Middleware/Flash.php(85): Yee\Yee->call()
#8 /var/www/html/Yee/Middleware/MethodOverride.php(92): Yee\Middleware\Flash->call()
#9 /var/www/html/Yee/Middleware/PrettyExceptions.php(67): Yee\Middleware\MethodOverride->call()
#10 /var/www/html/Yee/Yee.php(1278): Yee\Middleware\PrettyExceptions->call()
#11 /var/www/html/index.php(48): Yee\Yee->execute()
#12 {main}
ERROR - 2016-07-20 08:32:18 - exception 'ErrorException' with message 'Undefined variable: data' in /var/www/html/App/Controllers/Ajax/AjaxController.php:39
Stack trace:
#0 /var/www/html/App/Controllers/Ajax/AjaxController.php(39): Yee\Yee::handleErrors(8, 'Undefined varia...', '/var/www/html/A...', 39, Array)
#1 [internal function]: AjaxController->logInAjaxAction()
#2 /var/www/html/Yee/Managers/Controller/Controller.php(22): call_user_func_array(Array, Array)
#3 [internal function]: Yee\Managers\Controller\Controller::__callStatic('___logInAjaxAct...', Array)
#4 [internal function]: AjaxController::___logInAjaxAction()
#5 /var/www/html/Yee/Route.php(462): call_user_func_array('AjaxController:...', Array)
#6 /var/www/html/Yee/Yee.php(1333): Yee\Route->dispatch()
#7 /var/www/html/Yee/Middleware/Flash.php(85): Yee\Yee->call()
#8 /var/www/html/Yee/Middleware/MethodOverride.php(92): Yee\Middleware\Flash->call()
#9 /var/www/html/Yee/Middleware/PrettyExceptions.php(67): Yee\Middleware\MethodOverride->call()
#10 /var/www/html/Yee/Yee.php(1278): Yee\Middleware\PrettyExceptions->call()
#11 /var/www/html/index.php(48): Yee\Yee->execute()
#12 {main}
ERROR - 2016-07-20 08:32:21 - exception 'ErrorException' with message 'Undefined variable: data' in /var/www/html/App/Controllers/Ajax/AjaxController.php:39
Stack trace:
#0 /var/www/html/App/Controllers/Ajax/AjaxController.php(39): Yee\Yee::handleErrors(8, 'Undefined varia...', '/var/www/html/A...', 39, Array)
#1 [internal function]: AjaxController->logInAjaxAction()
#2 /var/www/html/Yee/Managers/Controller/Controller.php(22): call_user_func_array(Array, Array)
#3 [internal function]: Yee\Managers\Controller\Controller::__callStatic('___logInAjaxAct...', Array)
#4 [internal function]: AjaxController::___logInAjaxAction()
#5 /var/www/html/Yee/Route.php(462): call_user_func_array('AjaxController:...', Array)
#6 /var/www/html/Yee/Yee.php(1333): Yee\Route->dispatch()
#7 /var/www/html/Yee/Middleware/Flash.php(85): Yee\Yee->call()
#8 /var/www/html/Yee/Middleware/MethodOverride.php(92): Yee\Middleware\Flash->call()
#9 /var/www/html/Yee/Middleware/PrettyExceptions.php(67): Yee\Middleware\MethodOverride->call()
#10 /var/www/html/Yee/Yee.php(1278): Yee\Middleware\PrettyExceptions->call()
#11 /var/www/html/index.php(48): Yee\Yee->execute()
#12 {main}
ERROR - 2016-07-20 08:33:03 - exception 'ErrorException' with message 'Use of undefined constant huehue - assumed 'huehue'' in /var/www/html/App/Controllers/Ajax/AjaxController.php:36
Stack trace:
#0 /var/www/html/App/Controllers/Ajax/AjaxController.php(36): Yee\Yee::handleErrors(8, 'Use of undefine...', '/var/www/html/A...', 36, Array)
#1 [internal function]: AjaxController->logInAjaxAction()
#2 /var/www/html/Yee/Managers/Controller/Controller.php(22): call_user_func_array(Array, Array)
#3 [internal function]: Yee\Managers\Controller\Controller::__callStatic('___logInAjaxAct...', Array)
#4 [internal function]: AjaxController::___logInAjaxAction()
#5 /var/www/html/Yee/Route.php(462): call_user_func_array('AjaxController:...', Array)
#6 /var/www/html/Yee/Yee.php(1333): Yee\Route->dispatch()
#7 /var/www/html/Yee/Middleware/Flash.php(85): Yee\Yee->call()
#8 /var/www/html/Yee/Middleware/MethodOverride.php(92): Yee\Middleware\Flash->call()
#9 /var/www/html/Yee/Middleware/PrettyExceptions.php(67): Yee\Middleware\MethodOverride->call()
#10 /var/www/html/Yee/Yee.php(1278): Yee\Middleware\PrettyExceptions->call()
#11 /var/www/html/index.php(48): Yee\Yee->execute()
#12 {main}
ERROR - 2016-07-20 08:33:04 - exception 'ErrorException' with message 'Use of undefined constant huehue - assumed 'huehue'' in /var/www/html/App/Controllers/Ajax/AjaxController.php:36
Stack trace:
#0 /var/www/html/App/Controllers/Ajax/AjaxController.php(36): Yee\Yee::handleErrors(8, 'Use of undefine...', '/var/www/html/A...', 36, Array)
#1 [internal function]: AjaxController->logInAjaxAction()
#2 /var/www/html/Yee/Managers/Controller/Controller.php(22): call_user_func_array(Array, Array)
#3 [internal function]: Yee\Managers\Controller\Controller::__callStatic('___logInAjaxAct...', Array)
#4 [internal function]: AjaxController::___logInAjaxAction()
#5 /var/www/html/Yee/Route.php(462): call_user_func_array('AjaxController:...', Array)
#6 /var/www/html/Yee/Yee.php(1333): Yee\Route->dispatch()
#7 /var/www/html/Yee/Middleware/Flash.php(85): Yee\Yee->call()
#8 /var/www/html/Yee/Middleware/MethodOverride.php(92): Yee\Middleware\Flash->call()
#9 /var/www/html/Yee/Middleware/PrettyExceptions.php(67): Yee\Middleware\MethodOverride->call()
#10 /var/www/html/Yee/Yee.php(1278): Yee\Middleware\PrettyExceptions->call()
#11 /var/www/html/index.php(48): Yee\Yee->execute()
#12 {main}
ERROR - 2016-07-20 08:33:04 - exception 'ErrorException' with message 'Use of undefined constant huehue - assumed 'huehue'' in /var/www/html/App/Controllers/Ajax/AjaxController.php:36
Stack trace:
#0 /var/www/html/App/Controllers/Ajax/AjaxController.php(36): Yee\Yee::handleErrors(8, 'Use of undefine...', '/var/www/html/A...', 36, Array)
#1 [internal function]: AjaxController->logInAjaxAction()
#2 /var/www/html/Yee/Managers/Controller/Controller.php(22): call_user_func_array(Array, Array)
#3 [internal function]: Yee\Managers\Controller\Controller::__callStatic('___logInAjaxAct...', Array)
#4 [internal function]: AjaxController::___logInAjaxAction()
#5 /var/www/html/Yee/Route.php(462): call_user_func_array('AjaxController:...', Array)
#6 /var/www/html/Yee/Yee.php(1333): Yee\Route->dispatch()
#7 /var/www/html/Yee/Middleware/Flash.php(85): Yee\Yee->call()
#8 /var/www/html/Yee/Middleware/MethodOverride.php(92): Yee\Middleware\Flash->call()
#9 /var/www/html/Yee/Middleware/PrettyExceptions.php(67): Yee\Middleware\MethodOverride->call()
#10 /var/www/html/Yee/Yee.php(1278): Yee\Middleware\PrettyExceptions->call()
#11 /var/www/html/index.php(48): Yee\Yee->execute()
#12 {main}
ERROR - 2016-07-20 09:03:59 - exception 'ErrorException' with message 'Use of undefined constant falseeee - assumed 'falseeee'' in /var/www/html/App/Controllers/Ajax/AjaxController.php:32
Stack trace:
#0 /var/www/html/App/Controllers/Ajax/AjaxController.php(32): Yee\Yee::handleErrors(8, 'Use of undefine...', '/var/www/html/A...', 32, Array)
#1 [internal function]: AjaxController->logInAjaxAction()
#2 /var/www/html/Yee/Managers/Controller/Controller.php(22): call_user_func_array(Array, Array)
#3 [internal function]: Yee\Managers\Controller\Controller::__callStatic('___logInAjaxAct...', Array)
#4 [internal function]: AjaxController::___logInAjaxAction()
#5 /var/www/html/Yee/Route.php(462): call_user_func_array('AjaxController:...', Array)
#6 /var/www/html/Yee/Yee.php(1333): Yee\Route->dispatch()
#7 /var/www/html/Yee/Middleware/Flash.php(85): Yee\Yee->call()
#8 /var/www/html/Yee/Middleware/MethodOverride.php(92): Yee\Middleware\Flash->call()
#9 /var/www/html/Yee/Middleware/PrettyExceptions.php(67): Yee\Middleware\MethodOverride->call()
#10 /var/www/html/Yee/Yee.php(1278): Yee\Middleware\PrettyExceptions->call()
#11 /var/www/html/index.php(48): Yee\Yee->execute()
#12 {main}
ERROR - 2016-07-20 09:04:00 - exception 'ErrorException' with message 'Use of undefined constant falseeee - assumed 'falseeee'' in /var/www/html/App/Controllers/Ajax/AjaxController.php:32
Stack trace:
#0 /var/www/html/App/Controllers/Ajax/AjaxController.php(32): Yee\Yee::handleErrors(8, 'Use of undefine...', '/var/www/html/A...', 32, Array)
#1 [internal function]: AjaxController->logInAjaxAction()
#2 /var/www/html/Yee/Managers/Controller/Controller.php(22): call_user_func_array(Array, Array)
#3 [internal function]: Yee\Managers\Controller\Controller::__callStatic('___logInAjaxAct...', Array)
#4 [internal function]: AjaxController::___logInAjaxAction()
#5 /var/www/html/Yee/Route.php(462): call_user_func_array('AjaxController:...', Array)
#6 /var/www/html/Yee/Yee.php(1333): Yee\Route->dispatch()
#7 /var/www/html/Yee/Middleware/Flash.php(85): Yee\Yee->call()
#8 /var/www/html/Yee/Middleware/MethodOverride.php(92): Yee\Middleware\Flash->call()
#9 /var/www/html/Yee/Middleware/PrettyExceptions.php(67): Yee\Middleware\MethodOverride->call()
#10 /var/www/html/Yee/Yee.php(1278): Yee\Middleware\PrettyExceptions->call()
#11 /var/www/html/index.php(48): Yee\Yee->execute()
#12 {main}
ERROR - 2016-07-20 09:04:00 - exception 'ErrorException' with message 'Use of undefined constant falseeee - assumed 'falseeee'' in /var/www/html/App/Controllers/Ajax/AjaxController.php:32
Stack trace:
#0 /var/www/html/App/Controllers/Ajax/AjaxController.php(32): Yee\Yee::handleErrors(8, 'Use of undefine...', '/var/www/html/A...', 32, Array)
#1 [internal function]: AjaxController->logInAjaxAction()
#2 /var/www/html/Yee/Managers/Controller/Controller.php(22): call_user_func_array(Array, Array)
#3 [internal function]: Yee\Managers\Controller\Controller::__callStatic('___logInAjaxAct...', Array)
#4 [internal function]: AjaxController::___logInAjaxAction()
#5 /var/www/html/Yee/Route.php(462): call_user_func_array('AjaxController:...', Array)
#6 /var/www/html/Yee/Yee.php(1333): Yee\Route->dispatch()
#7 /var/www/html/Yee/Middleware/Flash.php(85): Yee\Yee->call()
#8 /var/www/html/Yee/Middleware/MethodOverride.php(92): Yee\Middleware\Flash->call()
#9 /var/www/html/Yee/Middleware/PrettyExceptions.php(67): Yee\Middleware\MethodOverride->call()
#10 /var/www/html/Yee/Yee.php(1278): Yee\Middleware\PrettyExceptions->call()
#11 /var/www/html/index.php(48): Yee\Yee->execute()
#12 {main}
ERROR - 2016-07-20 09:54:55 - exception 'ErrorException' with message 'Undefined variable: error' in /var/www/html/App/Controllers/Ajax/AjaxController.php:32
Stack trace:
#0 /var/www/html/App/Controllers/Ajax/AjaxController.php(32): Yee\Yee::handleErrors(8, 'Undefined varia...', '/var/www/html/A...', 32, Array)
#1 [internal function]: AjaxController->logInAjaxAction()
#2 /var/www/html/Yee/Managers/Controller/Controller.php(22): call_user_func_array(Array, Array)
#3 [internal function]: Yee\Managers\Controller\Controller::__callStatic('___logInAjaxAct...', Array)
#4 [internal function]: AjaxController::___logInAjaxAction()
#5 /var/www/html/Yee/Route.php(462): call_user_func_array('AjaxController:...', Array)
#6 /var/www/html/Yee/Yee.php(1333): Yee\Route->dispatch()
#7 /var/www/html/Yee/Middleware/Flash.php(85): Yee\Yee->call()
#8 /var/www/html/Yee/Middleware/MethodOverride.php(92): Yee\Middleware\Flash->call()
#9 /var/www/html/Yee/Middleware/PrettyExceptions.php(67): Yee\Middleware\MethodOverride->call()
#10 /var/www/html/Yee/Yee.php(1278): Yee\Middleware\PrettyExceptions->call()
#11 /var/www/html/index.php(49): Yee\Yee->execute()
#12 {main}
