ERROR - 2016-07-14 10:49:29 - exception 'Twig_Error_Loader' with message 'Unable to find template "emailsend/activation_emailtpl" (looked into: ./templates).' in /var/www/html/Twig/Loader/Filesystem.php:191
Stack trace:
#0 /var/www/html/Twig/Loader/Filesystem.php(138): Twig_Loader_Filesystem->findTemplate('emailsend/activ...')
#1 /var/www/html/Twig/Environment.php(265): Twig_Loader_Filesystem->getCacheKey('emailsend/activ...')
#2 /var/www/html/Twig/Environment.php(323): Twig_Environment->getTemplateClass('emailsend/activ...', NULL)
#3 /var/www/html/Yee/Views/Twig.php(87): Twig_Environment->loadTemplate('emailsend/activ...')
#4 /var/www/html/App/Library/Mailer/Mailer.php(29): Yee\Views\Twig->render('emailsend/activ...')
#5 /var/www/html/App/Controllers/Test/testController.php(20): App\Library\Mailer\Mailer->buildEmail()
#6 [internal function]: TestController->testAction()
#7 /var/www/html/Yee/Managers/Controller/Controller.php(22): call_user_func_array(Array, Array)
#8 [internal function]: Yee\Managers\Controller\Controller::__callStatic('___testAction', Array)
#9 [internal function]: TestController::___testAction()
#10 /var/www/html/Yee/Route.php(462): call_user_func_array('TestController:...', Array)
#11 /var/www/html/Yee/Yee.php(1333): Yee\Route->dispatch()
#12 /var/www/html/Yee/Middleware/Flash.php(85): Yee\Yee->call()
#13 /var/www/html/Yee/Middleware/MethodOverride.php(92): Yee\Middleware\Flash->call()
#14 /var/www/html/Yee/Middleware/PrettyExceptions.php(67): Yee\Middleware\MethodOverride->call()
#15 /var/www/html/Yee/Yee.php(1278): Yee\Middleware\PrettyExceptions->call()
#16 /var/www/html/index.php(48): Yee\Yee->execute()
#17 {main}
ERROR - 2016-07-14 10:51:03 - exception 'Twig_Error_Loader' with message 'Unable to find template "emailsend/activation_emailtpl" (looked into: ./templates).' in /var/www/html/Twig/Loader/Filesystem.php:191
Stack trace:
#0 /var/www/html/Twig/Loader/Filesystem.php(138): Twig_Loader_Filesystem->findTemplate('emailsend/activ...')
#1 /var/www/html/Twig/Environment.php(265): Twig_Loader_Filesystem->getCacheKey('emailsend/activ...')
#2 /var/www/html/Twig/Environment.php(323): Twig_Environment->getTemplateClass('emailsend/activ...', NULL)
#3 /var/www/html/Yee/Views/Twig.php(87): Twig_Environment->loadTemplate('emailsend/activ...')
#4 /var/www/html/App/Library/Mailer/Mailer.php(29): Yee\Views\Twig->render('emailsend/activ...')
#5 /var/www/html/App/Controllers/Test/testController.php(20): App\Library\Mailer\Mailer->buildEmail()
#6 [internal function]: TestController->testAction()
#7 /var/www/html/Yee/Managers/Controller/Controller.php(22): call_user_func_array(Array, Array)
#8 [internal function]: Yee\Managers\Controller\Controller::__callStatic('___testAction', Array)
#9 [internal function]: TestController::___testAction()
#10 /var/www/html/Yee/Route.php(462): call_user_func_array('TestController:...', Array)
#11 /var/www/html/Yee/Yee.php(1333): Yee\Route->dispatch()
#12 /var/www/html/Yee/Middleware/Flash.php(85): Yee\Yee->call()
#13 /var/www/html/Yee/Middleware/MethodOverride.php(92): Yee\Middleware\Flash->call()
#14 /var/www/html/Yee/Middleware/PrettyExceptions.php(67): Yee\Middleware\MethodOverride->call()
#15 /var/www/html/Yee/Yee.php(1278): Yee\Middleware\PrettyExceptions->call()
#16 /var/www/html/index.php(48): Yee\Yee->execute()
#17 {main}
ERROR - 2016-07-14 10:51:04 - exception 'Twig_Error_Loader' with message 'Unable to find template "emailsend/activation_emailtpl" (looked into: ./templates).' in /var/www/html/Twig/Loader/Filesystem.php:191
Stack trace:
#0 /var/www/html/Twig/Loader/Filesystem.php(138): Twig_Loader_Filesystem->findTemplate('emailsend/activ...')
#1 /var/www/html/Twig/Environment.php(265): Twig_Loader_Filesystem->getCacheKey('emailsend/activ...')
#2 /var/www/html/Twig/Environment.php(323): Twig_Environment->getTemplateClass('emailsend/activ...', NULL)
#3 /var/www/html/Yee/Views/Twig.php(87): Twig_Environment->loadTemplate('emailsend/activ...')
#4 /var/www/html/App/Library/Mailer/Mailer.php(29): Yee\Views\Twig->render('emailsend/activ...')
#5 /var/www/html/App/Controllers/Test/testController.php(20): App\Library\Mailer\Mailer->buildEmail()
#6 [internal function]: TestController->testAction()
#7 /var/www/html/Yee/Managers/Controller/Controller.php(22): call_user_func_array(Array, Array)
#8 [internal function]: Yee\Managers\Controller\Controller::__callStatic('___testAction', Array)
#9 [internal function]: TestController::___testAction()
#10 /var/www/html/Yee/Route.php(462): call_user_func_array('TestController:...', Array)
#11 /var/www/html/Yee/Yee.php(1333): Yee\Route->dispatch()
#12 /var/www/html/Yee/Middleware/Flash.php(85): Yee\Yee->call()
#13 /var/www/html/Yee/Middleware/MethodOverride.php(92): Yee\Middleware\Flash->call()
#14 /var/www/html/Yee/Middleware/PrettyExceptions.php(67): Yee\Middleware\MethodOverride->call()
#15 /var/www/html/Yee/Yee.php(1278): Yee\Middleware\PrettyExceptions->call()
#16 /var/www/html/index.php(48): Yee\Yee->execute()
#17 {main}
ERROR - 2016-07-14 10:51:05 - exception 'Twig_Error_Loader' with message 'Unable to find template "emailsend/activation_emailtpl" (looked into: ./templates).' in /var/www/html/Twig/Loader/Filesystem.php:191
Stack trace:
#0 /var/www/html/Twig/Loader/Filesystem.php(138): Twig_Loader_Filesystem->findTemplate('emailsend/activ...')
#1 /var/www/html/Twig/Environment.php(265): Twig_Loader_Filesystem->getCacheKey('emailsend/activ...')
#2 /var/www/html/Twig/Environment.php(323): Twig_Environment->getTemplateClass('emailsend/activ...', NULL)
#3 /var/www/html/Yee/Views/Twig.php(87): Twig_Environment->loadTemplate('emailsend/activ...')
#4 /var/www/html/App/Library/Mailer/Mailer.php(29): Yee\Views\Twig->render('emailsend/activ...')
#5 /var/www/html/App/Controllers/Test/testController.php(20): App\Library\Mailer\Mailer->buildEmail()
#6 [internal function]: TestController->testAction()
#7 /var/www/html/Yee/Managers/Controller/Controller.php(22): call_user_func_array(Array, Array)
#8 [internal function]: Yee\Managers\Controller\Controller::__callStatic('___testAction', Array)
#9 [internal function]: TestController::___testAction()
#10 /var/www/html/Yee/Route.php(462): call_user_func_array('TestController:...', Array)
#11 /var/www/html/Yee/Yee.php(1333): Yee\Route->dispatch()
#12 /var/www/html/Yee/Middleware/Flash.php(85): Yee\Yee->call()
#13 /var/www/html/Yee/Middleware/MethodOverride.php(92): Yee\Middleware\Flash->call()
#14 /var/www/html/Yee/Middleware/PrettyExceptions.php(67): Yee\Middleware\MethodOverride->call()
#15 /var/www/html/Yee/Yee.php(1278): Yee\Middleware\PrettyExceptions->call()
#16 /var/www/html/index.php(48): Yee\Yee->execute()
#17 {main}
ERROR - 2016-07-14 10:52:44 - exception 'Twig_Error_Loader' with message 'Unable to find template "emailsend/mailtpl" (looked into: ./templates).' in /var/www/html/Twig/Loader/Filesystem.php:191
Stack trace:
#0 /var/www/html/Twig/Loader/Filesystem.php(138): Twig_Loader_Filesystem->findTemplate('emailsend/mailt...')
#1 /var/www/html/Twig/Environment.php(265): Twig_Loader_Filesystem->getCacheKey('emailsend/mailt...')
#2 /var/www/html/Twig/Environment.php(323): Twig_Environment->getTemplateClass('emailsend/mailt...', NULL)
#3 /var/www/html/Yee/Views/Twig.php(87): Twig_Environment->loadTemplate('emailsend/mailt...')
#4 /var/www/html/App/Library/Mailer/Mailer.php(29): Yee\Views\Twig->render('emailsend/mailt...')
#5 /var/www/html/App/Controllers/Test/testController.php(20): App\Library\Mailer\Mailer->buildEmail()
#6 [internal function]: TestController->testAction()
#7 /var/www/html/Yee/Managers/Controller/Controller.php(22): call_user_func_array(Array, Array)
#8 [internal function]: Yee\Managers\Controller\Controller::__callStatic('___testAction', Array)
#9 [internal function]: TestController::___testAction()
#10 /var/www/html/Yee/Route.php(462): call_user_func_array('TestController:...', Array)
#11 /var/www/html/Yee/Yee.php(1333): Yee\Route->dispatch()
#12 /var/www/html/Yee/Middleware/Flash.php(85): Yee\Yee->call()
#13 /var/www/html/Yee/Middleware/MethodOverride.php(92): Yee\Middleware\Flash->call()
#14 /var/www/html/Yee/Middleware/PrettyExceptions.php(67): Yee\Middleware\MethodOverride->call()
#15 /var/www/html/Yee/Yee.php(1278): Yee\Middleware\PrettyExceptions->call()
#16 /var/www/html/index.php(48): Yee\Yee->execute()
#17 {main}
ERROR - 2016-07-14 10:52:46 - exception 'Twig_Error_Loader' with message 'Unable to find template "emailsend/mailtpl" (looked into: ./templates).' in /var/www/html/Twig/Loader/Filesystem.php:191
Stack trace:
#0 /var/www/html/Twig/Loader/Filesystem.php(138): Twig_Loader_Filesystem->findTemplate('emailsend/mailt...')
#1 /var/www/html/Twig/Environment.php(265): Twig_Loader_Filesystem->getCacheKey('emailsend/mailt...')
#2 /var/www/html/Twig/Environment.php(323): Twig_Environment->getTemplateClass('emailsend/mailt...', NULL)
#3 /var/www/html/Yee/Views/Twig.php(87): Twig_Environment->loadTemplate('emailsend/mailt...')
#4 /var/www/html/App/Library/Mailer/Mailer.php(29): Yee\Views\Twig->render('emailsend/mailt...')
#5 /var/www/html/App/Controllers/Test/testController.php(20): App\Library\Mailer\Mailer->buildEmail()
#6 [internal function]: TestController->testAction()
#7 /var/www/html/Yee/Managers/Controller/Controller.php(22): call_user_func_array(Array, Array)
#8 [internal function]: Yee\Managers\Controller\Controller::__callStatic('___testAction', Array)
#9 [internal function]: TestController::___testAction()
#10 /var/www/html/Yee/Route.php(462): call_user_func_array('TestController:...', Array)
#11 /var/www/html/Yee/Yee.php(1333): Yee\Route->dispatch()
#12 /var/www/html/Yee/Middleware/Flash.php(85): Yee\Yee->call()
#13 /var/www/html/Yee/Middleware/MethodOverride.php(92): Yee\Middleware\Flash->call()
#14 /var/www/html/Yee/Middleware/PrettyExceptions.php(67): Yee\Middleware\MethodOverride->call()
#15 /var/www/html/Yee/Yee.php(1278): Yee\Middleware\PrettyExceptions->call()
#16 /var/www/html/index.php(48): Yee\Yee->execute()
#17 {main}
ERROR - 2016-07-14 10:52:47 - exception 'Twig_Error_Loader' with message 'Unable to find template "emailsend/mailtpl" (looked into: ./templates).' in /var/www/html/Twig/Loader/Filesystem.php:191
Stack trace:
#0 /var/www/html/Twig/Loader/Filesystem.php(138): Twig_Loader_Filesystem->findTemplate('emailsend/mailt...')
#1 /var/www/html/Twig/Environment.php(265): Twig_Loader_Filesystem->getCacheKey('emailsend/mailt...')
#2 /var/www/html/Twig/Environment.php(323): Twig_Environment->getTemplateClass('emailsend/mailt...', NULL)
#3 /var/www/html/Yee/Views/Twig.php(87): Twig_Environment->loadTemplate('emailsend/mailt...')
#4 /var/www/html/App/Library/Mailer/Mailer.php(29): Yee\Views\Twig->render('emailsend/mailt...')
#5 /var/www/html/App/Controllers/Test/testController.php(20): App\Library\Mailer\Mailer->buildEmail()
#6 [internal function]: TestController->testAction()
#7 /var/www/html/Yee/Managers/Controller/Controller.php(22): call_user_func_array(Array, Array)
#8 [internal function]: Yee\Managers\Controller\Controller::__callStatic('___testAction', Array)
#9 [internal function]: TestController::___testAction()
#10 /var/www/html/Yee/Route.php(462): call_user_func_array('TestController:...', Array)
#11 /var/www/html/Yee/Yee.php(1333): Yee\Route->dispatch()
#12 /var/www/html/Yee/Middleware/Flash.php(85): Yee\Yee->call()
#13 /var/www/html/Yee/Middleware/MethodOverride.php(92): Yee\Middleware\Flash->call()
#14 /var/www/html/Yee/Middleware/PrettyExceptions.php(67): Yee\Middleware\MethodOverride->call()
#15 /var/www/html/Yee/Yee.php(1278): Yee\Middleware\PrettyExceptions->call()
#16 /var/www/html/index.php(48): Yee\Yee->execute()
#17 {main}
ERROR - 2016-07-14 10:56:05 - exception 'Twig_Error_Loader' with message 'Unable to find template "emailsend/activation_emailtpl" (looked into: ./templates).' in /var/www/html/Twig/Loader/Filesystem.php:191
Stack trace:
#0 /var/www/html/Twig/Loader/Filesystem.php(138): Twig_Loader_Filesystem->findTemplate('emailsend/activ...')
#1 /var/www/html/Twig/Environment.php(265): Twig_Loader_Filesystem->getCacheKey('emailsend/activ...')
#2 /var/www/html/Twig/Environment.php(323): Twig_Environment->getTemplateClass('emailsend/activ...', NULL)
#3 /var/www/html/Yee/Views/Twig.php(87): Twig_Environment->loadTemplate('emailsend/activ...')
#4 /var/www/html/App/Library/Mailer/Mailer.php(29): Yee\Views\Twig->render('emailsend/activ...')
#5 /var/www/html/App/Controllers/Test/testController.php(20): App\Library\Mailer\Mailer->buildEmail()
#6 [internal function]: TestController->testAction()
#7 /var/www/html/Yee/Managers/Controller/Controller.php(22): call_user_func_array(Array, Array)
#8 [internal function]: Yee\Managers\Controller\Controller::__callStatic('___testAction', Array)
#9 [internal function]: TestController::___testAction()
#10 /var/www/html/Yee/Route.php(462): call_user_func_array('TestController:...', Array)
#11 /var/www/html/Yee/Yee.php(1333): Yee\Route->dispatch()
#12 /var/www/html/Yee/Middleware/Flash.php(85): Yee\Yee->call()
#13 /var/www/html/Yee/Middleware/MethodOverride.php(92): Yee\Middleware\Flash->call()
#14 /var/www/html/Yee/Middleware/PrettyExceptions.php(67): Yee\Middleware\MethodOverride->call()
#15 /var/www/html/Yee/Yee.php(1278): Yee\Middleware\PrettyExceptions->call()
#16 /var/www/html/index.php(48): Yee\Yee->execute()
#17 {main}
ERROR - 2016-07-14 10:56:06 - exception 'Twig_Error_Loader' with message 'Unable to find template "emailsend/activation_emailtpl" (looked into: ./templates).' in /var/www/html/Twig/Loader/Filesystem.php:191
Stack trace:
#0 /var/www/html/Twig/Loader/Filesystem.php(138): Twig_Loader_Filesystem->findTemplate('emailsend/activ...')
#1 /var/www/html/Twig/Environment.php(265): Twig_Loader_Filesystem->getCacheKey('emailsend/activ...')
#2 /var/www/html/Twig/Environment.php(323): Twig_Environment->getTemplateClass('emailsend/activ...', NULL)
#3 /var/www/html/Yee/Views/Twig.php(87): Twig_Environment->loadTemplate('emailsend/activ...')
#4 /var/www/html/App/Library/Mailer/Mailer.php(29): Yee\Views\Twig->render('emailsend/activ...')
#5 /var/www/html/App/Controllers/Test/testController.php(20): App\Library\Mailer\Mailer->buildEmail()
#6 [internal function]: TestController->testAction()
#7 /var/www/html/Yee/Managers/Controller/Controller.php(22): call_user_func_array(Array, Array)
#8 [internal function]: Yee\Managers\Controller\Controller::__callStatic('___testAction', Array)
#9 [internal function]: TestController::___testAction()
#10 /var/www/html/Yee/Route.php(462): call_user_func_array('TestController:...', Array)
#11 /var/www/html/Yee/Yee.php(1333): Yee\Route->dispatch()
#12 /var/www/html/Yee/Middleware/Flash.php(85): Yee\Yee->call()
#13 /var/www/html/Yee/Middleware/MethodOverride.php(92): Yee\Middleware\Flash->call()
#14 /var/www/html/Yee/Middleware/PrettyExceptions.php(67): Yee\Middleware\MethodOverride->call()
#15 /var/www/html/Yee/Yee.php(1278): Yee\Middleware\PrettyExceptions->call()
#16 /var/www/html/index.php(48): Yee\Yee->execute()
#17 {main}
ERROR - 2016-07-14 10:56:07 - exception 'Twig_Error_Loader' with message 'Unable to find template "emailsend/activation_emailtpl" (looked into: ./templates).' in /var/www/html/Twig/Loader/Filesystem.php:191
Stack trace:
#0 /var/www/html/Twig/Loader/Filesystem.php(138): Twig_Loader_Filesystem->findTemplate('emailsend/activ...')
#1 /var/www/html/Twig/Environment.php(265): Twig_Loader_Filesystem->getCacheKey('emailsend/activ...')
#2 /var/www/html/Twig/Environment.php(323): Twig_Environment->getTemplateClass('emailsend/activ...', NULL)
#3 /var/www/html/Yee/Views/Twig.php(87): Twig_Environment->loadTemplate('emailsend/activ...')
#4 /var/www/html/App/Library/Mailer/Mailer.php(29): Yee\Views\Twig->render('emailsend/activ...')
#5 /var/www/html/App/Controllers/Test/testController.php(20): App\Library\Mailer\Mailer->buildEmail()
#6 [internal function]: TestController->testAction()
#7 /var/www/html/Yee/Managers/Controller/Controller.php(22): call_user_func_array(Array, Array)
#8 [internal function]: Yee\Managers\Controller\Controller::__callStatic('___testAction', Array)
#9 [internal function]: TestController::___testAction()
#10 /var/www/html/Yee/Route.php(462): call_user_func_array('TestController:...', Array)
#11 /var/www/html/Yee/Yee.php(1333): Yee\Route->dispatch()
#12 /var/www/html/Yee/Middleware/Flash.php(85): Yee\Yee->call()
#13 /var/www/html/Yee/Middleware/MethodOverride.php(92): Yee\Middleware\Flash->call()
#14 /var/www/html/Yee/Middleware/PrettyExceptions.php(67): Yee\Middleware\MethodOverride->call()
#15 /var/www/html/Yee/Yee.php(1278): Yee\Middleware\PrettyExceptions->call()
#16 /var/www/html/index.php(48): Yee\Yee->execute()
#17 {main}
ERROR - 2016-07-14 10:56:09 - exception 'Twig_Error_Loader' with message 'Unable to find template "emailsend/activation_emailtpl" (looked into: ./templates).' in /var/www/html/Twig/Loader/Filesystem.php:191
Stack trace:
#0 /var/www/html/Twig/Loader/Filesystem.php(138): Twig_Loader_Filesystem->findTemplate('emailsend/activ...')
#1 /var/www/html/Twig/Environment.php(265): Twig_Loader_Filesystem->getCacheKey('emailsend/activ...')
#2 /var/www/html/Twig/Environment.php(323): Twig_Environment->getTemplateClass('emailsend/activ...', NULL)
#3 /var/www/html/Yee/Views/Twig.php(87): Twig_Environment->loadTemplate('emailsend/activ...')
#4 /var/www/html/App/Library/Mailer/Mailer.php(29): Yee\Views\Twig->render('emailsend/activ...')
#5 /var/www/html/App/Controllers/Test/testController.php(20): App\Library\Mailer\Mailer->buildEmail()
#6 [internal function]: TestController->testAction()
#7 /var/www/html/Yee/Managers/Controller/Controller.php(22): call_user_func_array(Array, Array)
#8 [internal function]: Yee\Managers\Controller\Controller::__callStatic('___testAction', Array)
#9 [internal function]: TestController::___testAction()
#10 /var/www/html/Yee/Route.php(462): call_user_func_array('TestController:...', Array)
#11 /var/www/html/Yee/Yee.php(1333): Yee\Route->dispatch()
#12 /var/www/html/Yee/Middleware/Flash.php(85): Yee\Yee->call()
#13 /var/www/html/Yee/Middleware/MethodOverride.php(92): Yee\Middleware\Flash->call()
#14 /var/www/html/Yee/Middleware/PrettyExceptions.php(67): Yee\Middleware\MethodOverride->call()
#15 /var/www/html/Yee/Yee.php(1278): Yee\Middleware\PrettyExceptions->call()
#16 /var/www/html/index.php(48): Yee\Yee->execute()
#17 {main}
ERROR - 2016-07-14 10:58:52 - exception 'Twig_Error_Loader' with message 'Unable to find template "Mailer/mailtpl" (looked into: ./templates).' in /var/www/html/Twig/Loader/Filesystem.php:191
Stack trace:
#0 /var/www/html/Twig/Loader/Filesystem.php(138): Twig_Loader_Filesystem->findTemplate('Mailer/mailtpl')
#1 /var/www/html/Twig/Environment.php(265): Twig_Loader_Filesystem->getCacheKey('Mailer/mailtpl')
#2 /var/www/html/Twig/Environment.php(323): Twig_Environment->getTemplateClass('Mailer/mailtpl', NULL)
#3 /var/www/html/Yee/Views/Twig.php(87): Twig_Environment->loadTemplate('Mailer/mailtpl')
#4 /var/www/html/App/Library/Mailer/Mailer.php(28): Yee\Views\Twig->render('Mailer/mailtpl')
#5 /var/www/html/App/Controllers/Test/testController.php(20): App\Library\Mailer\Mailer->buildEmail()
#6 [internal function]: TestController->testAction()
#7 /var/www/html/Yee/Managers/Controller/Controller.php(22): call_user_func_array(Array, Array)
#8 [internal function]: Yee\Managers\Controller\Controller::__callStatic('___testAction', Array)
#9 [internal function]: TestController::___testAction()
#10 /var/www/html/Yee/Route.php(462): call_user_func_array('TestController:...', Array)
#11 /var/www/html/Yee/Yee.php(1333): Yee\Route->dispatch()
#12 /var/www/html/Yee/Middleware/Flash.php(85): Yee\Yee->call()
#13 /var/www/html/Yee/Middleware/MethodOverride.php(92): Yee\Middleware\Flash->call()
#14 /var/www/html/Yee/Middleware/PrettyExceptions.php(67): Yee\Middleware\MethodOverride->call()
#15 /var/www/html/Yee/Yee.php(1278): Yee\Middleware\PrettyExceptions->call()
#16 /var/www/html/index.php(48): Yee\Yee->execute()
#17 {main}
ERROR - 2016-07-14 11:38:26 - exception 'Twig_Error_Loader' with message 'Unable to find template "Mailer/activation_email.tpl" (looked into: ./templates).' in /var/www/html/Twig/Loader/Filesystem.php:191
Stack trace:
#0 /var/www/html/Twig/Loader/Filesystem.php(138): Twig_Loader_Filesystem->findTemplate('Mailer/activati...')
#1 /var/www/html/Twig/Environment.php(265): Twig_Loader_Filesystem->getCacheKey('Mailer/activati...')
#2 /var/www/html/Twig/Environment.php(323): Twig_Environment->getTemplateClass('Mailer/activati...', NULL)
#3 /var/www/html/Yee/Views/Twig.php(87): Twig_Environment->loadTemplate('Mailer/activati...')
#4 /var/www/html/App/Library/Mailer/Mailer.php(28): Yee\Views\Twig->render('Mailer/activati...')
#5 /var/www/html/App/Controllers/Test/testController.php(20): App\Library\Mailer\Mailer->buildEmail()
#6 [internal function]: TestController->testAction()
#7 /var/www/html/Yee/Managers/Controller/Controller.php(22): call_user_func_array(Array, Array)
#8 [internal function]: Yee\Managers\Controller\Controller::__callStatic('___testAction', Array)
#9 [internal function]: TestController::___testAction()
#10 /var/www/html/Yee/Route.php(462): call_user_func_array('TestController:...', Array)
#11 /var/www/html/Yee/Yee.php(1333): Yee\Route->dispatch()
#12 /var/www/html/Yee/Middleware/Flash.php(85): Yee\Yee->call()
#13 /var/www/html/Yee/Middleware/MethodOverride.php(92): Yee\Middleware\Flash->call()
#14 /var/www/html/Yee/Middleware/PrettyExceptions.php(67): Yee\Middleware\MethodOverride->call()
#15 /var/www/html/Yee/Yee.php(1278): Yee\Middleware\PrettyExceptions->call()
#16 /var/www/html/index.php(48): Yee\Yee->execute()
#17 {main}
ERROR - 2016-07-14 11:38:37 - exception 'Twig_Error_Loader' with message 'Unable to find template "Mailer/activation_email.tpl" (looked into: ./templates).' in /var/www/html/Twig/Loader/Filesystem.php:191
Stack trace:
#0 /var/www/html/Twig/Loader/Filesystem.php(138): Twig_Loader_Filesystem->findTemplate('Mailer/activati...')
#1 /var/www/html/Twig/Environment.php(265): Twig_Loader_Filesystem->getCacheKey('Mailer/activati...')
#2 /var/www/html/Twig/Environment.php(323): Twig_Environment->getTemplateClass('Mailer/activati...', NULL)
#3 /var/www/html/Yee/Views/Twig.php(87): Twig_Environment->loadTemplate('Mailer/activati...')
#4 /var/www/html/App/Library/Mailer/Mailer.php(28): Yee\Views\Twig->render('Mailer/activati...')
#5 /var/www/html/App/Controllers/Test/testController.php(20): App\Library\Mailer\Mailer->buildEmail()
#6 [internal function]: TestController->testAction()
#7 /var/www/html/Yee/Managers/Controller/Controller.php(22): call_user_func_array(Array, Array)
#8 [internal function]: Yee\Managers\Controller\Controller::__callStatic('___testAction', Array)
#9 [internal function]: TestController::___testAction()
#10 /var/www/html/Yee/Route.php(462): call_user_func_array('TestController:...', Array)
#11 /var/www/html/Yee/Yee.php(1333): Yee\Route->dispatch()
#12 /var/www/html/Yee/Middleware/Flash.php(85): Yee\Yee->call()
#13 /var/www/html/Yee/Middleware/MethodOverride.php(92): Yee\Middleware\Flash->call()
#14 /var/www/html/Yee/Middleware/PrettyExceptions.php(67): Yee\Middleware\MethodOverride->call()
#15 /var/www/html/Yee/Yee.php(1278): Yee\Middleware\PrettyExceptions->call()
#16 /var/www/html/index.php(48): Yee\Yee->execute()
#17 {main}
ERROR - 2016-07-14 13:13:09 - exception 'Twig_Error_Loader' with message 'Unable to find template "./footer.tpl" (looked into: ./templates) in "Mailer/mail.tpl" at line 55.' in /var/www/html/Twig/Loader/Filesystem.php:191
Stack trace:
#0 /var/www/html/Twig/Loader/Filesystem.php(138): Twig_Loader_Filesystem->findTemplate('.//footer.tpl')
#1 /var/www/html/Twig/Environment.php(265): Twig_Loader_Filesystem->getCacheKey('.//footer.tpl')
#2 /var/www/html/Twig/Environment.php(323): Twig_Environment->getTemplateClass('.//footer.tpl', NULL)
#3 /var/www/html/cache/templates_c/b3/1b/f0e8673273d915859e9ce6420cb1e65b30bac004ca65c17d34406c38ab15.php(79): Twig_Environment->loadTemplate('.//footer.tpl')
#4 /var/www/html/Twig/Template.php(279): __TwigTemplate_b31bf0e8673273d915859e9ce6420cb1e65b30bac004ca65c17d34406c38ab15->doDisplay(Array, Array)
#5 /var/www/html/Twig/Template.php(253): Twig_Template->displayWithErrorHandling(Array, Array)
#6 /var/www/html/Twig/Template.php(264): Twig_Template->display(Array)
#7 /var/www/html/Yee/Views/Twig.php(91): Twig_Template->render(Array)
#8 /var/www/html/App/Library/Mailer/Mailer.php(28): Yee\Views\Twig->render('Mailer/mail.tpl')
#9 /var/www/html/App/Controllers/Signup/SignupController.php(70): App\Library\Mailer\Mailer->buildEmail()
#10 [internal function]: SignupController->postAction()
#11 /var/www/html/Yee/Managers/Controller/Controller.php(22): call_user_func_array(Array, Array)
#12 [internal function]: Yee\Managers\Controller\Controller::__callStatic('___postAction', Array)
#13 [internal function]: SignupController::___postAction()
#14 /var/www/html/Yee/Route.php(462): call_user_func_array('SignupControlle...', Array)
#15 /var/www/html/Yee/Yee.php(1333): Yee\Route->dispatch()
#16 /var/www/html/Yee/Middleware/Flash.php(85): Yee\Yee->call()
#17 /var/www/html/Yee/Middleware/MethodOverride.php(92): Yee\Middleware\Flash->call()
#18 /var/www/html/Yee/Middleware/PrettyExceptions.php(67): Yee\Middleware\MethodOverride->call()
#19 /var/www/html/Yee/Yee.php(1278): Yee\Middleware\PrettyExceptions->call()
#20 /var/www/html/index.php(48): Yee\Yee->execute()
#21 {main}
