ERROR - 2016-07-21 09:49:21 - exception 'Twig_Error_Syntax' with message 'The test "Logged" does not exist in "./common/header.tpl" at line 49' in /var/www/html/Twig/Extension/Core.php:335
Stack trace:
#0 /var/www/html/Twig/Extension/Core.php(302): Twig_Extension_Core->getTestNodeClass(Object(Twig_Parser), 'Logged', 49)
#1 [internal function]: Twig_Extension_Core->parseTestExpression(Object(Twig_Parser), Object(Twig_Node_Expression_Name))
#2 /var/www/html/Twig/ExpressionParser.php(48): call_user_func(Array, Object(Twig_Parser), Object(Twig_Node_Expression_Name))
#3 /var/www/html/Twig/TokenParser/If.php(38): Twig_ExpressionParser->parseExpression()
#4 /var/www/html/Twig/Parser.php(187): Twig_TokenParser_If->parse(Object(Twig_Token))
#5 /var/www/html/Twig/Parser.php(95): Twig_Parser->subparse(NULL, false)
#6 /var/www/html/Twig/Environment.php(507): Twig_Parser->parse(Object(Twig_TokenStream))
#7 /var/www/html/Twig/Environment.php(559): Twig_Environment->parse(Object(Twig_TokenStream))
#8 /var/www/html/Twig/Environment.php(334): Twig_Environment->compileSource('<!DOCTYPE html>...', './common/header...')
#9 /var/www/html/cache/templates_c/b0/0b/3585c42366b3f6e49975fbc2ec429337230891b59dbfa0e86c6d3af408bd.php(19): Twig_Environment->loadTemplate('./common/header...')
#10 /var/www/html/Twig/Template.php(279): __TwigTemplate_b00b3585c42366b3f6e49975fbc2ec429337230891b59dbfa0e86c6d3af408bd->doDisplay(Array, Array)
#11 /var/www/html/Twig/Template.php(253): Twig_Template->displayWithErrorHandling(Array, Array)
#12 /var/www/html/Twig/Template.php(264): Twig_Template->display(Array)
#13 /var/www/html/Yee/Views/Twig.php(91): Twig_Template->render(Array)
#14 /var/www/html/Yee/View.php(255): Yee\Views\Twig->render('pages/my_accoun...', NULL)
#15 /var/www/html/Yee/View.php(243): Yee\View->fetch('pages/my_accoun...', NULL)
#16 /var/www/html/Yee/Yee.php(764): Yee\View->display('pages/my_accoun...')
#17 /var/www/html/App/Controllers/MyAccount/MyAccountController.php(19): Yee\Yee->render('pages/my_accoun...', Array)
#18 [internal function]: MyAccountController->actionAccount()
#19 /var/www/html/Yee/Managers/Controller/Controller.php(22): call_user_func_array(Array, Array)
#20 [internal function]: Yee\Managers\Controller\Controller::__callStatic('___actionAccoun...', Array)
#21 [internal function]: MyAccountController::___actionAccount()
#22 /var/www/html/Yee/Route.php(462): call_user_func_array('MyAccountContro...', Array)
#23 /var/www/html/Yee/Yee.php(1333): Yee\Route->dispatch()
#24 /var/www/html/Yee/Middleware/Flash.php(85): Yee\Yee->call()
#25 /var/www/html/Yee/Middleware/MethodOverride.php(92): Yee\Middleware\Flash->call()
#26 /var/www/html/Yee/Middleware/PrettyExceptions.php(67): Yee\Middleware\MethodOverride->call()
#27 /var/www/html/Yee/Yee.php(1278): Yee\Middleware\PrettyExceptions->call()
#28 /var/www/html/index.php(43): Yee\Yee->execute()
#29 {main}
ERROR - 2016-07-21 10:33:53 - exception 'ErrorException' with message 'Undefined variable: app' in /var/www/html/App/Controllers/Logout/LogOutController.php:16
Stack trace:
#0 /var/www/html/App/Controllers/Logout/LogOutController.php(16): Yee\Yee::handleErrors(8, 'Undefined varia...', '/var/www/html/A...', 16, Array)
#1 [internal function]: LogOutController->logoutAction()
#2 /var/www/html/Yee/Managers/Controller/Controller.php(22): call_user_func_array(Array, Array)
#3 [internal function]: Yee\Managers\Controller\Controller::__callStatic('___logoutAction', Array)
#4 [internal function]: LogOutController::___logoutAction()
#5 /var/www/html/Yee/Route.php(462): call_user_func_array('LogOutControlle...', Array)
#6 /var/www/html/Yee/Yee.php(1333): Yee\Route->dispatch()
#7 /var/www/html/Yee/Middleware/Flash.php(85): Yee\Yee->call()
#8 /var/www/html/Yee/Middleware/MethodOverride.php(92): Yee\Middleware\Flash->call()
#9 /var/www/html/Yee/Middleware/PrettyExceptions.php(67): Yee\Middleware\MethodOverride->call()
#10 /var/www/html/Yee/Yee.php(1278): Yee\Middleware\PrettyExceptions->call()
#11 /var/www/html/index.php(43): Yee\Yee->execute()
#12 {main}
ERROR - 2016-07-21 11:07:05 - exception 'ErrorException' with message 'Undefined variable: data' in /var/www/html/App/Controllers/MyAccount/MyAccountController.php:19
Stack trace:
#0 /var/www/html/App/Controllers/MyAccount/MyAccountController.php(19): Yee\Yee::handleErrors(8, 'Undefined varia...', '/var/www/html/A...', 19, Array)
#1 [internal function]: MyAccountController->actionAccount()
#2 /var/www/html/Yee/Managers/Controller/Controller.php(22): call_user_func_array(Array, Array)
#3 [internal function]: Yee\Managers\Controller\Controller::__callStatic('___actionAccoun...', Array)
#4 [internal function]: MyAccountController::___actionAccount()
#5 /var/www/html/Yee/Route.php(462): call_user_func_array('MyAccountContro...', Array)
#6 /var/www/html/Yee/Yee.php(1333): Yee\Route->dispatch()
#7 /var/www/html/Yee/Middleware/Flash.php(85): Yee\Yee->call()
#8 /var/www/html/Yee/Middleware/MethodOverride.php(92): Yee\Middleware\Flash->call()
#9 /var/www/html/Yee/Middleware/PrettyExceptions.php(67): Yee\Middleware\MethodOverride->call()
#10 /var/www/html/Yee/Yee.php(1278): Yee\Middleware\PrettyExceptions->call()
#11 /var/www/html/index.php(43): Yee\Yee->execute()
#12 {main}
ERROR - 2016-07-21 11:07:48 - exception 'ErrorException' with message 'Undefined property: MyAccountController::$data' in /var/www/html/App/Controllers/MyAccount/MyAccountController.php:19
Stack trace:
#0 /var/www/html/App/Controllers/MyAccount/MyAccountController.php(19): Yee\Yee::handleErrors(8, 'Undefined prope...', '/var/www/html/A...', 19, Array)
#1 [internal function]: MyAccountController->actionAccount()
#2 /var/www/html/Yee/Managers/Controller/Controller.php(22): call_user_func_array(Array, Array)
#3 [internal function]: Yee\Managers\Controller\Controller::__callStatic('___actionAccoun...', Array)
#4 [internal function]: MyAccountController::___actionAccount()
#5 /var/www/html/Yee/Route.php(462): call_user_func_array('MyAccountContro...', Array)
#6 /var/www/html/Yee/Yee.php(1333): Yee\Route->dispatch()
#7 /var/www/html/Yee/Middleware/Flash.php(85): Yee\Yee->call()
#8 /var/www/html/Yee/Middleware/MethodOverride.php(92): Yee\Middleware\Flash->call()
#9 /var/www/html/Yee/Middleware/PrettyExceptions.php(67): Yee\Middleware\MethodOverride->call()
#10 /var/www/html/Yee/Yee.php(1278): Yee\Middleware\PrettyExceptions->call()
#11 /var/www/html/index.php(43): Yee\Yee->execute()
#12 {main}
ERROR - 2016-07-21 11:09:06 - exception 'ErrorException' with message 'Undefined variable: data' in /var/www/html/App/Controllers/MyAccount/MyAccountController.php:19
Stack trace:
#0 /var/www/html/App/Controllers/MyAccount/MyAccountController.php(19): Yee\Yee::handleErrors(8, 'Undefined varia...', '/var/www/html/A...', 19, Array)
#1 [internal function]: MyAccountController->actionAccount()
#2 /var/www/html/Yee/Managers/Controller/Controller.php(22): call_user_func_array(Array, Array)
#3 [internal function]: Yee\Managers\Controller\Controller::__callStatic('___actionAccoun...', Array)
#4 [internal function]: MyAccountController::___actionAccount()
#5 /var/www/html/Yee/Route.php(462): call_user_func_array('MyAccountContro...', Array)
#6 /var/www/html/Yee/Yee.php(1333): Yee\Route->dispatch()
#7 /var/www/html/Yee/Middleware/Flash.php(85): Yee\Yee->call()
#8 /var/www/html/Yee/Middleware/MethodOverride.php(92): Yee\Middleware\Flash->call()
#9 /var/www/html/Yee/Middleware/PrettyExceptions.php(67): Yee\Middleware\MethodOverride->call()
#10 /var/www/html/Yee/Yee.php(1278): Yee\Middleware\PrettyExceptions->call()
#11 /var/www/html/index.php(43): Yee\Yee->execute()
#12 {main}
ERROR - 2016-07-21 11:10:24 - exception 'ErrorException' with message 'Undefined variable: data' in /var/www/html/App/Controllers/MyAccount/MyAccountController.php:19
Stack trace:
#0 /var/www/html/App/Controllers/MyAccount/MyAccountController.php(19): Yee\Yee::handleErrors(8, 'Undefined varia...', '/var/www/html/A...', 19, Array)
#1 [internal function]: MyAccountController->actionAccount()
#2 /var/www/html/Yee/Managers/Controller/Controller.php(22): call_user_func_array(Array, Array)
#3 [internal function]: Yee\Managers\Controller\Controller::__callStatic('___actionAccoun...', Array)
#4 [internal function]: MyAccountController::___actionAccount()
#5 /var/www/html/Yee/Route.php(462): call_user_func_array('MyAccountContro...', Array)
#6 /var/www/html/Yee/Yee.php(1333): Yee\Route->dispatch()
#7 /var/www/html/Yee/Middleware/Flash.php(85): Yee\Yee->call()
#8 /var/www/html/Yee/Middleware/MethodOverride.php(92): Yee\Middleware\Flash->call()
#9 /var/www/html/Yee/Middleware/PrettyExceptions.php(67): Yee\Middleware\MethodOverride->call()
#10 /var/www/html/Yee/Yee.php(1278): Yee\Middleware\PrettyExceptions->call()
#11 /var/www/html/index.php(43): Yee\Yee->execute()
#12 {main}
ERROR - 2016-07-21 11:36:54 - exception 'ErrorException' with message 'Missing argument 1 for Yee\Libraries\Database\MysqliDB::getOne(), called in /var/www/html/App/Models/MyAccount/MyAccountModel.php on line 8 and defined' in /var/www/html/Yee/Libraries/Database/MysqliDB.php:292
Stack trace:
#0 /var/www/html/Yee/Libraries/Database/MysqliDB.php(292): Yee\Yee::handleErrors(2, 'Missing argumen...', '/var/www/html/Y...', 292, Array)
#1 /var/www/html/App/Models/MyAccount/MyAccountModel.php(8): Yee\Libraries\Database\MysqliDB->getOne()
#2 /var/www/html/App/Controllers/MyAccount/MyAccountController.php(18): App\Models\MyAccount\MyAccountModel->getAccountDetails()
#3 [internal function]: MyAccountController->actionAccount()
#4 /var/www/html/Yee/Managers/Controller/Controller.php(22): call_user_func_array(Array, Array)
#5 [internal function]: Yee\Managers\Controller\Controller::__callStatic('___actionAccoun...', Array)
#6 [internal function]: MyAccountController::___actionAccount()
#7 /var/www/html/Yee/Route.php(462): call_user_func_array('MyAccountContro...', Array)
#8 /var/www/html/Yee/Yee.php(1333): Yee\Route->dispatch()
#9 /var/www/html/Yee/Middleware/Flash.php(85): Yee\Yee->call()
#10 /var/www/html/Yee/Middleware/MethodOverride.php(92): Yee\Middleware\Flash->call()
#11 /var/www/html/Yee/Middleware/PrettyExceptions.php(67): Yee\Middleware\MethodOverride->call()
#12 /var/www/html/Yee/Yee.php(1278): Yee\Middleware\PrettyExceptions->call()
#13 /var/www/html/index.php(43): Yee\Yee->execute()
#14 {main}
ERROR - 2016-07-21 14:33:08 - exception 'ErrorException' with message 'Missing argument 1 for App\Models\MyAccount\MyAccountModel::__construct(), called in /var/www/html/App/Controllers/MyAccount/MyAccountController.php on line 17 and defined' in /var/www/html/App/Models/MyAccount/MyAccountModel.php:12
Stack trace:
#0 /var/www/html/App/Models/MyAccount/MyAccountModel.php(12): Yee\Yee::handleErrors(2, 'Missing argumen...', '/var/www/html/A...', 12, Array)
#1 /var/www/html/App/Controllers/MyAccount/MyAccountController.php(17): App\Models\MyAccount\MyAccountModel->__construct()
#2 [internal function]: MyAccountController->actionAccount()
#3 /var/www/html/Yee/Managers/Controller/Controller.php(22): call_user_func_array(Array, Array)
#4 [internal function]: Yee\Managers\Controller\Controller::__callStatic('___actionAccoun...', Array)
#5 [internal function]: MyAccountController::___actionAccount()
#6 /var/www/html/Yee/Route.php(462): call_user_func_array('MyAccountContro...', Array)
#7 /var/www/html/Yee/Yee.php(1333): Yee\Route->dispatch()
#8 /var/www/html/Yee/Middleware/Flash.php(85): Yee\Yee->call()
#9 /var/www/html/Yee/Middleware/MethodOverride.php(92): Yee\Middleware\Flash->call()
#10 /var/www/html/Yee/Middleware/PrettyExceptions.php(67): Yee\Middleware\MethodOverride->call()
#11 /var/www/html/Yee/Yee.php(1278): Yee\Middleware\PrettyExceptions->call()
#12 /var/www/html/index.php(43): Yee\Yee->execute()
#13 {main}
ERROR - 2016-07-21 14:34:02 - exception 'ErrorException' with message 'Missing argument 1 for App\Models\MyAccount\MyAccountModel::__construct(), called in /var/www/html/App/Controllers/MyAccount/MyAccountController.php on line 17 and defined' in /var/www/html/App/Models/MyAccount/MyAccountModel.php:12
Stack trace:
#0 /var/www/html/App/Models/MyAccount/MyAccountModel.php(12): Yee\Yee::handleErrors(2, 'Missing argumen...', '/var/www/html/A...', 12, Array)
#1 /var/www/html/App/Controllers/MyAccount/MyAccountController.php(17): App\Models\MyAccount\MyAccountModel->__construct()
#2 [internal function]: MyAccountController->actionAccount()
#3 /var/www/html/Yee/Managers/Controller/Controller.php(22): call_user_func_array(Array, Array)
#4 [internal function]: Yee\Managers\Controller\Controller::__callStatic('___actionAccoun...', Array)
#5 [internal function]: MyAccountController::___actionAccount()
#6 /var/www/html/Yee/Route.php(462): call_user_func_array('MyAccountContro...', Array)
#7 /var/www/html/Yee/Yee.php(1333): Yee\Route->dispatch()
#8 /var/www/html/Yee/Middleware/Flash.php(85): Yee\Yee->call()
#9 /var/www/html/Yee/Middleware/MethodOverride.php(92): Yee\Middleware\Flash->call()
#10 /var/www/html/Yee/Middleware/PrettyExceptions.php(67): Yee\Middleware\MethodOverride->call()
#11 /var/www/html/Yee/Yee.php(1278): Yee\Middleware\PrettyExceptions->call()
#12 /var/www/html/index.php(43): Yee\Yee->execute()
#13 {main}
ERROR - 2016-07-21 14:35:55 - exception 'ErrorException' with message 'Missing argument 1 for App\Models\MyAccount\MyAccountModel::__construct(), called in /var/www/html/App/Controllers/MyAccount/MyAccountController.php on line 17 and defined' in /var/www/html/App/Models/MyAccount/MyAccountModel.php:12
Stack trace:
#0 /var/www/html/App/Models/MyAccount/MyAccountModel.php(12): Yee\Yee::handleErrors(2, 'Missing argumen...', '/var/www/html/A...', 12, Array)
#1 /var/www/html/App/Controllers/MyAccount/MyAccountController.php(17): App\Models\MyAccount\MyAccountModel->__construct()
#2 [internal function]: MyAccountController->actionAccount()
#3 /var/www/html/Yee/Managers/Controller/Controller.php(22): call_user_func_array(Array, Array)
#4 [internal function]: Yee\Managers\Controller\Controller::__callStatic('___actionAccoun...', Array)
#5 [internal function]: MyAccountController::___actionAccount()
#6 /var/www/html/Yee/Route.php(462): call_user_func_array('MyAccountContro...', Array)
#7 /var/www/html/Yee/Yee.php(1333): Yee\Route->dispatch()
#8 /var/www/html/Yee/Middleware/Flash.php(85): Yee\Yee->call()
#9 /var/www/html/Yee/Middleware/MethodOverride.php(92): Yee\Middleware\Flash->call()
#10 /var/www/html/Yee/Middleware/PrettyExceptions.php(67): Yee\Middleware\MethodOverride->call()
#11 /var/www/html/Yee/Yee.php(1278): Yee\Middleware\PrettyExceptions->call()
#12 /var/www/html/index.php(43): Yee\Yee->execute()
#13 {main}
ERROR - 2016-07-21 14:38:29 - exception 'ErrorException' with message 'Missing argument 1 for App\Models\MyAccount\MyAccountModel::__construct(), called in /var/www/html/App/Controllers/MyAccount/MyAccountController.php on line 17 and defined' in /var/www/html/App/Models/MyAccount/MyAccountModel.php:12
Stack trace:
#0 /var/www/html/App/Models/MyAccount/MyAccountModel.php(12): Yee\Yee::handleErrors(2, 'Missing argumen...', '/var/www/html/A...', 12, Array)
#1 /var/www/html/App/Controllers/MyAccount/MyAccountController.php(17): App\Models\MyAccount\MyAccountModel->__construct()
#2 [internal function]: MyAccountController->actionAccount()
#3 /var/www/html/Yee/Managers/Controller/Controller.php(22): call_user_func_array(Array, Array)
#4 [internal function]: Yee\Managers\Controller\Controller::__callStatic('___actionAccoun...', Array)
#5 [internal function]: MyAccountController::___actionAccount()
#6 /var/www/html/Yee/Route.php(462): call_user_func_array('MyAccountContro...', Array)
#7 /var/www/html/Yee/Yee.php(1333): Yee\Route->dispatch()
#8 /var/www/html/Yee/Middleware/Flash.php(85): Yee\Yee->call()
#9 /var/www/html/Yee/Middleware/MethodOverride.php(92): Yee\Middleware\Flash->call()
#10 /var/www/html/Yee/Middleware/PrettyExceptions.php(67): Yee\Middleware\MethodOverride->call()
#11 /var/www/html/Yee/Yee.php(1278): Yee\Middleware\PrettyExceptions->call()
#12 /var/www/html/index.php(43): Yee\Yee->execute()
#13 {main}
ERROR - 2016-07-21 14:38:30 - exception 'ErrorException' with message 'Missing argument 1 for App\Models\MyAccount\MyAccountModel::__construct(), called in /var/www/html/App/Controllers/MyAccount/MyAccountController.php on line 17 and defined' in /var/www/html/App/Models/MyAccount/MyAccountModel.php:12
Stack trace:
#0 /var/www/html/App/Models/MyAccount/MyAccountModel.php(12): Yee\Yee::handleErrors(2, 'Missing argumen...', '/var/www/html/A...', 12, Array)
#1 /var/www/html/App/Controllers/MyAccount/MyAccountController.php(17): App\Models\MyAccount\MyAccountModel->__construct()
#2 [internal function]: MyAccountController->actionAccount()
#3 /var/www/html/Yee/Managers/Controller/Controller.php(22): call_user_func_array(Array, Array)
#4 [internal function]: Yee\Managers\Controller\Controller::__callStatic('___actionAccoun...', Array)
#5 [internal function]: MyAccountController::___actionAccount()
#6 /var/www/html/Yee/Route.php(462): call_user_func_array('MyAccountContro...', Array)
#7 /var/www/html/Yee/Yee.php(1333): Yee\Route->dispatch()
#8 /var/www/html/Yee/Middleware/Flash.php(85): Yee\Yee->call()
#9 /var/www/html/Yee/Middleware/MethodOverride.php(92): Yee\Middleware\Flash->call()
#10 /var/www/html/Yee/Middleware/PrettyExceptions.php(67): Yee\Middleware\MethodOverride->call()
#11 /var/www/html/Yee/Yee.php(1278): Yee\Middleware\PrettyExceptions->call()
#12 /var/www/html/index.php(43): Yee\Yee->execute()
#13 {main}
ERROR - 2016-07-21 14:38:31 - exception 'ErrorException' with message 'Missing argument 1 for App\Models\MyAccount\MyAccountModel::__construct(), called in /var/www/html/App/Controllers/MyAccount/MyAccountController.php on line 17 and defined' in /var/www/html/App/Models/MyAccount/MyAccountModel.php:12
Stack trace:
#0 /var/www/html/App/Models/MyAccount/MyAccountModel.php(12): Yee\Yee::handleErrors(2, 'Missing argumen...', '/var/www/html/A...', 12, Array)
#1 /var/www/html/App/Controllers/MyAccount/MyAccountController.php(17): App\Models\MyAccount\MyAccountModel->__construct()
#2 [internal function]: MyAccountController->actionAccount()
#3 /var/www/html/Yee/Managers/Controller/Controller.php(22): call_user_func_array(Array, Array)
#4 [internal function]: Yee\Managers\Controller\Controller::__callStatic('___actionAccoun...', Array)
#5 [internal function]: MyAccountController::___actionAccount()
#6 /var/www/html/Yee/Route.php(462): call_user_func_array('MyAccountContro...', Array)
#7 /var/www/html/Yee/Yee.php(1333): Yee\Route->dispatch()
#8 /var/www/html/Yee/Middleware/Flash.php(85): Yee\Yee->call()
#9 /var/www/html/Yee/Middleware/MethodOverride.php(92): Yee\Middleware\Flash->call()
#10 /var/www/html/Yee/Middleware/PrettyExceptions.php(67): Yee\Middleware\MethodOverride->call()
#11 /var/www/html/Yee/Yee.php(1278): Yee\Middleware\PrettyExceptions->call()
#12 /var/www/html/index.php(43): Yee\Yee->execute()
#13 {main}
ERROR - 2016-07-21 14:46:33 - exception 'ErrorException' with message 'Missing argument 1 for App\Models\MyAccount\MyAccountModel::__construct(), called in /var/www/html/App/Controllers/MyAccount/MyAccountController.php on line 17 and defined' in /var/www/html/App/Models/MyAccount/MyAccountModel.php:12
Stack trace:
#0 /var/www/html/App/Models/MyAccount/MyAccountModel.php(12): Yee\Yee::handleErrors(2, 'Missing argumen...', '/var/www/html/A...', 12, Array)
#1 /var/www/html/App/Controllers/MyAccount/MyAccountController.php(17): App\Models\MyAccount\MyAccountModel->__construct()
#2 [internal function]: MyAccountController->actionAccount()
#3 /var/www/html/Yee/Managers/Controller/Controller.php(22): call_user_func_array(Array, Array)
#4 [internal function]: Yee\Managers\Controller\Controller::__callStatic('___actionAccoun...', Array)
#5 [internal function]: MyAccountController::___actionAccount()
#6 /var/www/html/Yee/Route.php(462): call_user_func_array('MyAccountContro...', Array)
#7 /var/www/html/Yee/Yee.php(1333): Yee\Route->dispatch()
#8 /var/www/html/Yee/Middleware/Flash.php(85): Yee\Yee->call()
#9 /var/www/html/Yee/Middleware/MethodOverride.php(92): Yee\Middleware\Flash->call()
#10 /var/www/html/Yee/Middleware/PrettyExceptions.php(67): Yee\Middleware\MethodOverride->call()
#11 /var/www/html/Yee/Yee.php(1278): Yee\Middleware\PrettyExceptions->call()
#12 /var/www/html/index.php(43): Yee\Yee->execute()
#13 {main}
ERROR - 2016-07-21 14:47:03 - exception 'ErrorException' with message 'Missing argument 1 for App\Models\MyAccount\MyAccountModel::__construct(), called in /var/www/html/App/Controllers/MyAccount/MyAccountController.php on line 17 and defined' in /var/www/html/App/Models/MyAccount/MyAccountModel.php:12
Stack trace:
#0 /var/www/html/App/Models/MyAccount/MyAccountModel.php(12): Yee\Yee::handleErrors(2, 'Missing argumen...', '/var/www/html/A...', 12, Array)
#1 /var/www/html/App/Controllers/MyAccount/MyAccountController.php(17): App\Models\MyAccount\MyAccountModel->__construct()
#2 [internal function]: MyAccountController->actionAccount()
#3 /var/www/html/Yee/Managers/Controller/Controller.php(22): call_user_func_array(Array, Array)
#4 [internal function]: Yee\Managers\Controller\Controller::__callStatic('___actionAccoun...', Array)
#5 [internal function]: MyAccountController::___actionAccount()
#6 /var/www/html/Yee/Route.php(462): call_user_func_array('MyAccountContro...', Array)
#7 /var/www/html/Yee/Yee.php(1333): Yee\Route->dispatch()
#8 /var/www/html/Yee/Middleware/Flash.php(85): Yee\Yee->call()
#9 /var/www/html/Yee/Middleware/MethodOverride.php(92): Yee\Middleware\Flash->call()
#10 /var/www/html/Yee/Middleware/PrettyExceptions.php(67): Yee\Middleware\MethodOverride->call()
#11 /var/www/html/Yee/Yee.php(1278): Yee\Middleware\PrettyExceptions->call()
#12 /var/www/html/index.php(43): Yee\Yee->execute()
#13 {main}
ERROR - 2016-07-21 14:51:48 - exception 'ErrorException' with message 'Missing argument 1 for App\Models\MyAccount\MyAccountModel::__construct(), called in /var/www/html/App/Controllers/MyAccount/MyAccountController.php on line 17 and defined' in /var/www/html/App/Models/MyAccount/MyAccountModel.php:12
Stack trace:
#0 /var/www/html/App/Models/MyAccount/MyAccountModel.php(12): Yee\Yee::handleErrors(2, 'Missing argumen...', '/var/www/html/A...', 12, Array)
#1 /var/www/html/App/Controllers/MyAccount/MyAccountController.php(17): App\Models\MyAccount\MyAccountModel->__construct()
#2 [internal function]: MyAccountController->actionAccount()
#3 /var/www/html/Yee/Managers/Controller/Controller.php(22): call_user_func_array(Array, Array)
#4 [internal function]: Yee\Managers\Controller\Controller::__callStatic('___actionAccoun...', Array)
#5 [internal function]: MyAccountController::___actionAccount()
#6 /var/www/html/Yee/Route.php(462): call_user_func_array('MyAccountContro...', Array)
#7 /var/www/html/Yee/Yee.php(1333): Yee\Route->dispatch()
#8 /var/www/html/Yee/Middleware/Flash.php(85): Yee\Yee->call()
#9 /var/www/html/Yee/Middleware/MethodOverride.php(92): Yee\Middleware\Flash->call()
#10 /var/www/html/Yee/Middleware/PrettyExceptions.php(67): Yee\Middleware\MethodOverride->call()
#11 /var/www/html/Yee/Yee.php(1278): Yee\Middleware\PrettyExceptions->call()
#12 /var/www/html/index.php(43): Yee\Yee->execute()
#13 {main}
ERROR - 2016-07-21 14:51:49 - exception 'ErrorException' with message 'Missing argument 1 for App\Models\MyAccount\MyAccountModel::__construct(), called in /var/www/html/App/Controllers/MyAccount/MyAccountController.php on line 17 and defined' in /var/www/html/App/Models/MyAccount/MyAccountModel.php:12
Stack trace:
#0 /var/www/html/App/Models/MyAccount/MyAccountModel.php(12): Yee\Yee::handleErrors(2, 'Missing argumen...', '/var/www/html/A...', 12, Array)
#1 /var/www/html/App/Controllers/MyAccount/MyAccountController.php(17): App\Models\MyAccount\MyAccountModel->__construct()
#2 [internal function]: MyAccountController->actionAccount()
#3 /var/www/html/Yee/Managers/Controller/Controller.php(22): call_user_func_array(Array, Array)
#4 [internal function]: Yee\Managers\Controller\Controller::__callStatic('___actionAccoun...', Array)
#5 [internal function]: MyAccountController::___actionAccount()
#6 /var/www/html/Yee/Route.php(462): call_user_func_array('MyAccountContro...', Array)
#7 /var/www/html/Yee/Yee.php(1333): Yee\Route->dispatch()
#8 /var/www/html/Yee/Middleware/Flash.php(85): Yee\Yee->call()
#9 /var/www/html/Yee/Middleware/MethodOverride.php(92): Yee\Middleware\Flash->call()
#10 /var/www/html/Yee/Middleware/PrettyExceptions.php(67): Yee\Middleware\MethodOverride->call()
#11 /var/www/html/Yee/Yee.php(1278): Yee\Middleware\PrettyExceptions->call()
#12 /var/www/html/index.php(43): Yee\Yee->execute()
#13 {main}
ERROR - 2016-07-21 14:51:50 - exception 'ErrorException' with message 'Missing argument 1 for App\Models\MyAccount\MyAccountModel::__construct(), called in /var/www/html/App/Controllers/MyAccount/MyAccountController.php on line 17 and defined' in /var/www/html/App/Models/MyAccount/MyAccountModel.php:12
Stack trace:
#0 /var/www/html/App/Models/MyAccount/MyAccountModel.php(12): Yee\Yee::handleErrors(2, 'Missing argumen...', '/var/www/html/A...', 12, Array)
#1 /var/www/html/App/Controllers/MyAccount/MyAccountController.php(17): App\Models\MyAccount\MyAccountModel->__construct()
#2 [internal function]: MyAccountController->actionAccount()
#3 /var/www/html/Yee/Managers/Controller/Controller.php(22): call_user_func_array(Array, Array)
#4 [internal function]: Yee\Managers\Controller\Controller::__callStatic('___actionAccoun...', Array)
#5 [internal function]: MyAccountController::___actionAccount()
#6 /var/www/html/Yee/Route.php(462): call_user_func_array('MyAccountContro...', Array)
#7 /var/www/html/Yee/Yee.php(1333): Yee\Route->dispatch()
#8 /var/www/html/Yee/Middleware/Flash.php(85): Yee\Yee->call()
#9 /var/www/html/Yee/Middleware/MethodOverride.php(92): Yee\Middleware\Flash->call()
#10 /var/www/html/Yee/Middleware/PrettyExceptions.php(67): Yee\Middleware\MethodOverride->call()
#11 /var/www/html/Yee/Yee.php(1278): Yee\Middleware\PrettyExceptions->call()
#12 /var/www/html/index.php(43): Yee\Yee->execute()
#13 {main}
ERROR - 2016-07-21 14:56:19 - exception 'ErrorException' with message 'Missing argument 1 for App\Models\MyAccount\MyAccountModel::__construct(), called in /var/www/html/App/Controllers/MyAccount/MyAccountController.php on line 17 and defined' in /var/www/html/App/Models/MyAccount/MyAccountModel.php:12
Stack trace:
#0 /var/www/html/App/Models/MyAccount/MyAccountModel.php(12): Yee\Yee::handleErrors(2, 'Missing argumen...', '/var/www/html/A...', 12, Array)
#1 /var/www/html/App/Controllers/MyAccount/MyAccountController.php(17): App\Models\MyAccount\MyAccountModel->__construct()
#2 [internal function]: MyAccountController->actionAccount()
#3 /var/www/html/Yee/Managers/Controller/Controller.php(22): call_user_func_array(Array, Array)
#4 [internal function]: Yee\Managers\Controller\Controller::__callStatic('___actionAccoun...', Array)
#5 [internal function]: MyAccountController::___actionAccount()
#6 /var/www/html/Yee/Route.php(462): call_user_func_array('MyAccountContro...', Array)
#7 /var/www/html/Yee/Yee.php(1333): Yee\Route->dispatch()
#8 /var/www/html/Yee/Middleware/Flash.php(85): Yee\Yee->call()
#9 /var/www/html/Yee/Middleware/MethodOverride.php(92): Yee\Middleware\Flash->call()
#10 /var/www/html/Yee/Middleware/PrettyExceptions.php(67): Yee\Middleware\MethodOverride->call()
#11 /var/www/html/Yee/Yee.php(1278): Yee\Middleware\PrettyExceptions->call()
#12 /var/www/html/index.php(43): Yee\Yee->execute()
#13 {main}
ERROR - 2016-07-21 14:57:17 - exception 'ErrorException' with message 'Missing argument 1 for App\Models\MyAccount\MyAccountModel::__construct(), called in /var/www/html/App/Controllers/MyAccount/MyAccountController.php on line 17 and defined' in /var/www/html/App/Models/MyAccount/MyAccountModel.php:12
Stack trace:
#0 /var/www/html/App/Models/MyAccount/MyAccountModel.php(12): Yee\Yee::handleErrors(2, 'Missing argumen...', '/var/www/html/A...', 12, Array)
#1 /var/www/html/App/Controllers/MyAccount/MyAccountController.php(17): App\Models\MyAccount\MyAccountModel->__construct()
#2 [internal function]: MyAccountController->actionAccount()
#3 /var/www/html/Yee/Managers/Controller/Controller.php(22): call_user_func_array(Array, Array)
#4 [internal function]: Yee\Managers\Controller\Controller::__callStatic('___actionAccoun...', Array)
#5 [internal function]: MyAccountController::___actionAccount()
#6 /var/www/html/Yee/Route.php(462): call_user_func_array('MyAccountContro...', Array)
#7 /var/www/html/Yee/Yee.php(1333): Yee\Route->dispatch()
#8 /var/www/html/Yee/Middleware/Flash.php(85): Yee\Yee->call()
#9 /var/www/html/Yee/Middleware/MethodOverride.php(92): Yee\Middleware\Flash->call()
#10 /var/www/html/Yee/Middleware/PrettyExceptions.php(67): Yee\Middleware\MethodOverride->call()
#11 /var/www/html/Yee/Yee.php(1278): Yee\Middleware\PrettyExceptions->call()
#12 /var/www/html/index.php(43): Yee\Yee->execute()
#13 {main}
ERROR - 2016-07-21 14:57:27 - exception 'ErrorException' with message 'Missing argument 1 for App\Models\MyAccount\MyAccountModel::__construct(), called in /var/www/html/App/Controllers/MyAccount/MyAccountController.php on line 17 and defined' in /var/www/html/App/Models/MyAccount/MyAccountModel.php:12
Stack trace:
#0 /var/www/html/App/Models/MyAccount/MyAccountModel.php(12): Yee\Yee::handleErrors(2, 'Missing argumen...', '/var/www/html/A...', 12, Array)
#1 /var/www/html/App/Controllers/MyAccount/MyAccountController.php(17): App\Models\MyAccount\MyAccountModel->__construct()
#2 [internal function]: MyAccountController->actionAccount()
#3 /var/www/html/Yee/Managers/Controller/Controller.php(22): call_user_func_array(Array, Array)
#4 [internal function]: Yee\Managers\Controller\Controller::__callStatic('___actionAccoun...', Array)
#5 [internal function]: MyAccountController::___actionAccount()
#6 /var/www/html/Yee/Route.php(462): call_user_func_array('MyAccountContro...', Array)
#7 /var/www/html/Yee/Yee.php(1333): Yee\Route->dispatch()
#8 /var/www/html/Yee/Middleware/Flash.php(85): Yee\Yee->call()
#9 /var/www/html/Yee/Middleware/MethodOverride.php(92): Yee\Middleware\Flash->call()
#10 /var/www/html/Yee/Middleware/PrettyExceptions.php(67): Yee\Middleware\MethodOverride->call()
#11 /var/www/html/Yee/Yee.php(1278): Yee\Middleware\PrettyExceptions->call()
#12 /var/www/html/index.php(43): Yee\Yee->execute()
#13 {main}
ERROR - 2016-07-21 14:58:36 - exception 'ErrorException' with message 'Missing argument 1 for App\Models\MyAccount\MyAccountModel::__construct(), called in /var/www/html/App/Controllers/MyAccount/MyAccountController.php on line 17 and defined' in /var/www/html/App/Models/MyAccount/MyAccountModel.php:12
Stack trace:
#0 /var/www/html/App/Models/MyAccount/MyAccountModel.php(12): Yee\Yee::handleErrors(2, 'Missing argumen...', '/var/www/html/A...', 12, Array)
#1 /var/www/html/App/Controllers/MyAccount/MyAccountController.php(17): App\Models\MyAccount\MyAccountModel->__construct()
#2 [internal function]: MyAccountController->actionAccount()
#3 /var/www/html/Yee/Managers/Controller/Controller.php(22): call_user_func_array(Array, Array)
#4 [internal function]: Yee\Managers\Controller\Controller::__callStatic('___actionAccoun...', Array)
#5 [internal function]: MyAccountController::___actionAccount()
#6 /var/www/html/Yee/Route.php(462): call_user_func_array('MyAccountContro...', Array)
#7 /var/www/html/Yee/Yee.php(1333): Yee\Route->dispatch()
#8 /var/www/html/Yee/Middleware/Flash.php(85): Yee\Yee->call()
#9 /var/www/html/Yee/Middleware/MethodOverride.php(92): Yee\Middleware\Flash->call()
#10 /var/www/html/Yee/Middleware/PrettyExceptions.php(67): Yee\Middleware\MethodOverride->call()
#11 /var/www/html/Yee/Yee.php(1278): Yee\Middleware\PrettyExceptions->call()
#12 /var/www/html/index.php(43): Yee\Yee->execute()
#13 {main}
ERROR - 2016-07-21 15:00:45 - exception 'ErrorException' with message 'Missing argument 1 for App\Models\MyAccount\MyAccountModel::__construct(), called in /var/www/html/App/Controllers/MyAccount/MyAccountController.php on line 17 and defined' in /var/www/html/App/Models/MyAccount/MyAccountModel.php:12
Stack trace:
#0 /var/www/html/App/Models/MyAccount/MyAccountModel.php(12): Yee\Yee::handleErrors(2, 'Missing argumen...', '/var/www/html/A...', 12, Array)
#1 /var/www/html/App/Controllers/MyAccount/MyAccountController.php(17): App\Models\MyAccount\MyAccountModel->__construct()
#2 [internal function]: MyAccountController->actionAccount()
#3 /var/www/html/Yee/Managers/Controller/Controller.php(22): call_user_func_array(Array, Array)
#4 [internal function]: Yee\Managers\Controller\Controller::__callStatic('___actionAccoun...', Array)
#5 [internal function]: MyAccountController::___actionAccount()
#6 /var/www/html/Yee/Route.php(462): call_user_func_array('MyAccountContro...', Array)
#7 /var/www/html/Yee/Yee.php(1333): Yee\Route->dispatch()
#8 /var/www/html/Yee/Middleware/Flash.php(85): Yee\Yee->call()
#9 /var/www/html/Yee/Middleware/MethodOverride.php(92): Yee\Middleware\Flash->call()
#10 /var/www/html/Yee/Middleware/PrettyExceptions.php(67): Yee\Middleware\MethodOverride->call()
#11 /var/www/html/Yee/Yee.php(1278): Yee\Middleware\PrettyExceptions->call()
#12 /var/www/html/index.php(43): Yee\Yee->execute()
#13 {main}
ERROR - 2016-07-21 15:01:54 - exception 'ErrorException' with message 'Missing argument 1 for App\Models\MyAccount\MyAccountModel::__construct(), called in /var/www/html/App/Controllers/MyAccount/MyAccountController.php on line 17 and defined' in /var/www/html/App/Models/MyAccount/MyAccountModel.php:12
Stack trace:
#0 /var/www/html/App/Models/MyAccount/MyAccountModel.php(12): Yee\Yee::handleErrors(2, 'Missing argumen...', '/var/www/html/A...', 12, Array)
#1 /var/www/html/App/Controllers/MyAccount/MyAccountController.php(17): App\Models\MyAccount\MyAccountModel->__construct()
#2 [internal function]: MyAccountController->actionAccount()
#3 /var/www/html/Yee/Managers/Controller/Controller.php(22): call_user_func_array(Array, Array)
#4 [internal function]: Yee\Managers\Controller\Controller::__callStatic('___actionAccoun...', Array)
#5 [internal function]: MyAccountController::___actionAccount()
#6 /var/www/html/Yee/Route.php(462): call_user_func_array('MyAccountContro...', Array)
#7 /var/www/html/Yee/Yee.php(1333): Yee\Route->dispatch()
#8 /var/www/html/Yee/Middleware/Flash.php(85): Yee\Yee->call()
#9 /var/www/html/Yee/Middleware/MethodOverride.php(92): Yee\Middleware\Flash->call()
#10 /var/www/html/Yee/Middleware/PrettyExceptions.php(67): Yee\Middleware\MethodOverride->call()
#11 /var/www/html/Yee/Yee.php(1278): Yee\Middleware\PrettyExceptions->call()
#12 /var/www/html/index.php(43): Yee\Yee->execute()
#13 {main}
ERROR - 2016-07-21 15:02:59 - exception 'ErrorException' with message 'Undefined variable: username' in /var/www/html/App/Controllers/MyAccount/MyAccountController.php:17
Stack trace:
#0 /var/www/html/App/Controllers/MyAccount/MyAccountController.php(17): Yee\Yee::handleErrors(8, 'Undefined varia...', '/var/www/html/A...', 17, Array)
#1 [internal function]: MyAccountController->actionAccount()
#2 /var/www/html/Yee/Managers/Controller/Controller.php(22): call_user_func_array(Array, Array)
#3 [internal function]: Yee\Managers\Controller\Controller::__callStatic('___actionAccoun...', Array)
#4 [internal function]: MyAccountController::___actionAccount()
#5 /var/www/html/Yee/Route.php(462): call_user_func_array('MyAccountContro...', Array)
#6 /var/www/html/Yee/Yee.php(1333): Yee\Route->dispatch()
#7 /var/www/html/Yee/Middleware/Flash.php(85): Yee\Yee->call()
#8 /var/www/html/Yee/Middleware/MethodOverride.php(92): Yee\Middleware\Flash->call()
#9 /var/www/html/Yee/Middleware/PrettyExceptions.php(67): Yee\Middleware\MethodOverride->call()
#10 /var/www/html/Yee/Yee.php(1278): Yee\Middleware\PrettyExceptions->call()
#11 /var/www/html/index.php(43): Yee\Yee->execute()
#12 {main}
ERROR - 2016-07-21 15:04:53 - exception 'ErrorException' with message 'Undefined variable: username' in /var/www/html/App/Controllers/MyAccount/MyAccountController.php:18
Stack trace:
#0 /var/www/html/App/Controllers/MyAccount/MyAccountController.php(18): Yee\Yee::handleErrors(8, 'Undefined varia...', '/var/www/html/A...', 18, Array)
#1 [internal function]: MyAccountController->actionAccount()
#2 /var/www/html/Yee/Managers/Controller/Controller.php(22): call_user_func_array(Array, Array)
#3 [internal function]: Yee\Managers\Controller\Controller::__callStatic('___actionAccoun...', Array)
#4 [internal function]: MyAccountController::___actionAccount()
#5 /var/www/html/Yee/Route.php(462): call_user_func_array('MyAccountContro...', Array)
#6 /var/www/html/Yee/Yee.php(1333): Yee\Route->dispatch()
#7 /var/www/html/Yee/Middleware/Flash.php(85): Yee\Yee->call()
#8 /var/www/html/Yee/Middleware/MethodOverride.php(92): Yee\Middleware\Flash->call()
#9 /var/www/html/Yee/Middleware/PrettyExceptions.php(67): Yee\Middleware\MethodOverride->call()
#10 /var/www/html/Yee/Yee.php(1278): Yee\Middleware\PrettyExceptions->call()
#11 /var/www/html/index.php(43): Yee\Yee->execute()
#12 {main}
ERROR - 2016-07-21 15:05:30 - exception 'ErrorException' with message 'Undefined variable: username' in /var/www/html/App/Controllers/MyAccount/MyAccountController.php:15
Stack trace:
#0 /var/www/html/App/Controllers/MyAccount/MyAccountController.php(15): Yee\Yee::handleErrors(8, 'Undefined varia...', '/var/www/html/A...', 15, Array)
#1 [internal function]: MyAccountController->actionAccount()
#2 /var/www/html/Yee/Managers/Controller/Controller.php(22): call_user_func_array(Array, Array)
#3 [internal function]: Yee\Managers\Controller\Controller::__callStatic('___actionAccoun...', Array)
#4 [internal function]: MyAccountController::___actionAccount()
#5 /var/www/html/Yee/Route.php(462): call_user_func_array('MyAccountContro...', Array)
#6 /var/www/html/Yee/Yee.php(1333): Yee\Route->dispatch()
#7 /var/www/html/Yee/Middleware/Flash.php(85): Yee\Yee->call()
#8 /var/www/html/Yee/Middleware/MethodOverride.php(92): Yee\Middleware\Flash->call()
#9 /var/www/html/Yee/Middleware/PrettyExceptions.php(67): Yee\Middleware\MethodOverride->call()
#10 /var/www/html/Yee/Yee.php(1278): Yee\Middleware\PrettyExceptions->call()
#11 /var/www/html/index.php(43): Yee\Yee->execute()
#12 {main}
ERROR - 2016-07-21 15:05:30 - exception 'ErrorException' with message 'Undefined variable: username' in /var/www/html/App/Controllers/MyAccount/MyAccountController.php:15
Stack trace:
#0 /var/www/html/App/Controllers/MyAccount/MyAccountController.php(15): Yee\Yee::handleErrors(8, 'Undefined varia...', '/var/www/html/A...', 15, Array)
#1 [internal function]: MyAccountController->actionAccount()
#2 /var/www/html/Yee/Managers/Controller/Controller.php(22): call_user_func_array(Array, Array)
#3 [internal function]: Yee\Managers\Controller\Controller::__callStatic('___actionAccoun...', Array)
#4 [internal function]: MyAccountController::___actionAccount()
#5 /var/www/html/Yee/Route.php(462): call_user_func_array('MyAccountContro...', Array)
#6 /var/www/html/Yee/Yee.php(1333): Yee\Route->dispatch()
#7 /var/www/html/Yee/Middleware/Flash.php(85): Yee\Yee->call()
#8 /var/www/html/Yee/Middleware/MethodOverride.php(92): Yee\Middleware\Flash->call()
#9 /var/www/html/Yee/Middleware/PrettyExceptions.php(67): Yee\Middleware\MethodOverride->call()
#10 /var/www/html/Yee/Yee.php(1278): Yee\Middleware\PrettyExceptions->call()
#11 /var/www/html/index.php(43): Yee\Yee->execute()
#12 {main}
ERROR - 2016-07-21 15:06:45 - exception 'ErrorException' with message 'Undefined variable: username' in /var/www/html/App/Controllers/MyAccount/MyAccountController.php:15
Stack trace:
#0 /var/www/html/App/Controllers/MyAccount/MyAccountController.php(15): Yee\Yee::handleErrors(8, 'Undefined varia...', '/var/www/html/A...', 15, Array)
#1 [internal function]: MyAccountController->actionAccount()
#2 /var/www/html/Yee/Managers/Controller/Controller.php(22): call_user_func_array(Array, Array)
#3 [internal function]: Yee\Managers\Controller\Controller::__callStatic('___actionAccoun...', Array)
#4 [internal function]: MyAccountController::___actionAccount()
#5 /var/www/html/Yee/Route.php(462): call_user_func_array('MyAccountContro...', Array)
#6 /var/www/html/Yee/Yee.php(1333): Yee\Route->dispatch()
#7 /var/www/html/Yee/Middleware/Flash.php(85): Yee\Yee->call()
#8 /var/www/html/Yee/Middleware/MethodOverride.php(92): Yee\Middleware\Flash->call()
#9 /var/www/html/Yee/Middleware/PrettyExceptions.php(67): Yee\Middleware\MethodOverride->call()
#10 /var/www/html/Yee/Yee.php(1278): Yee\Middleware\PrettyExceptions->call()
#11 /var/www/html/index.php(43): Yee\Yee->execute()
#12 {main}
ERROR - 2016-07-21 15:07:05 - exception 'ErrorException' with message 'Undefined variable: username' in /var/www/html/App/Controllers/MyAccount/MyAccountController.php:17
Stack trace:
#0 /var/www/html/App/Controllers/MyAccount/MyAccountController.php(17): Yee\Yee::handleErrors(8, 'Undefined varia...', '/var/www/html/A...', 17, Array)
#1 [internal function]: MyAccountController->actionAccount()
#2 /var/www/html/Yee/Managers/Controller/Controller.php(22): call_user_func_array(Array, Array)
#3 [internal function]: Yee\Managers\Controller\Controller::__callStatic('___actionAccoun...', Array)
#4 [internal function]: MyAccountController::___actionAccount()
#5 /var/www/html/Yee/Route.php(462): call_user_func_array('MyAccountContro...', Array)
#6 /var/www/html/Yee/Yee.php(1333): Yee\Route->dispatch()
#7 /var/www/html/Yee/Middleware/Flash.php(85): Yee\Yee->call()
#8 /var/www/html/Yee/Middleware/MethodOverride.php(92): Yee\Middleware\Flash->call()
#9 /var/www/html/Yee/Middleware/PrettyExceptions.php(67): Yee\Middleware\MethodOverride->call()
#10 /var/www/html/Yee/Yee.php(1278): Yee\Middleware\PrettyExceptions->call()
#11 /var/www/html/index.php(43): Yee\Yee->execute()
#12 {main}
ERROR - 2016-07-21 15:07:06 - exception 'ErrorException' with message 'Undefined variable: username' in /var/www/html/App/Controllers/MyAccount/MyAccountController.php:17
Stack trace:
#0 /var/www/html/App/Controllers/MyAccount/MyAccountController.php(17): Yee\Yee::handleErrors(8, 'Undefined varia...', '/var/www/html/A...', 17, Array)
#1 [internal function]: MyAccountController->actionAccount()
#2 /var/www/html/Yee/Managers/Controller/Controller.php(22): call_user_func_array(Array, Array)
#3 [internal function]: Yee\Managers\Controller\Controller::__callStatic('___actionAccoun...', Array)
#4 [internal function]: MyAccountController::___actionAccount()
#5 /var/www/html/Yee/Route.php(462): call_user_func_array('MyAccountContro...', Array)
#6 /var/www/html/Yee/Yee.php(1333): Yee\Route->dispatch()
#7 /var/www/html/Yee/Middleware/Flash.php(85): Yee\Yee->call()
#8 /var/www/html/Yee/Middleware/MethodOverride.php(92): Yee\Middleware\Flash->call()
#9 /var/www/html/Yee/Middleware/PrettyExceptions.php(67): Yee\Middleware\MethodOverride->call()
#10 /var/www/html/Yee/Yee.php(1278): Yee\Middleware\PrettyExceptions->call()
#11 /var/www/html/index.php(43): Yee\Yee->execute()
#12 {main}
ERROR - 2016-07-21 15:45:29 - exception 'ErrorException' with message 'Missing argument 1 for App\Models\MyAccount\MyAccountModel::validatePassword(), called in /var/www/html/App/Controllers/Ajax/AjaxController.php on line 68 and defined' in /var/www/html/App/Models/MyAccount/MyAccountModel.php:15
Stack trace:
#0 /var/www/html/App/Models/MyAccount/MyAccountModel.php(15): Yee\Yee::handleErrors(2, 'Missing argumen...', '/var/www/html/A...', 15, Array)
#1 /var/www/html/App/Controllers/Ajax/AjaxController.php(68): App\Models\MyAccount\MyAccountModel->validatePassword()
#2 [internal function]: AjaxController->postUpdateMyAccount()
#3 /var/www/html/Yee/Managers/Controller/Controller.php(22): call_user_func_array(Array, Array)
#4 [internal function]: Yee\Managers\Controller\Controller::__callStatic('___postUpdateMy...', Array)
#5 [internal function]: AjaxController::___postUpdateMyAccount()
#6 /var/www/html/Yee/Route.php(462): call_user_func_array('AjaxController:...', Array)
#7 /var/www/html/Yee/Yee.php(1333): Yee\Route->dispatch()
#8 /var/www/html/Yee/Middleware/Flash.php(85): Yee\Yee->call()
#9 /var/www/html/Yee/Middleware/MethodOverride.php(92): Yee\Middleware\Flash->call()
#10 /var/www/html/Yee/Middleware/PrettyExceptions.php(67): Yee\Middleware\MethodOverride->call()
#11 /var/www/html/Yee/Yee.php(1278): Yee\Middleware\PrettyExceptions->call()
#12 /var/www/html/index.php(43): Yee\Yee->execute()
#13 {main}
ERROR - 2016-07-21 15:45:41 - exception 'ErrorException' with message 'Missing argument 1 for App\Models\MyAccount\MyAccountModel::validatePassword(), called in /var/www/html/App/Controllers/Ajax/AjaxController.php on line 68 and defined' in /var/www/html/App/Models/MyAccount/MyAccountModel.php:15
Stack trace:
#0 /var/www/html/App/Models/MyAccount/MyAccountModel.php(15): Yee\Yee::handleErrors(2, 'Missing argumen...', '/var/www/html/A...', 15, Array)
#1 /var/www/html/App/Controllers/Ajax/AjaxController.php(68): App\Models\MyAccount\MyAccountModel->validatePassword()
#2 [internal function]: AjaxController->postUpdateMyAccount()
#3 /var/www/html/Yee/Managers/Controller/Controller.php(22): call_user_func_array(Array, Array)
#4 [internal function]: Yee\Managers\Controller\Controller::__callStatic('___postUpdateMy...', Array)
#5 [internal function]: AjaxController::___postUpdateMyAccount()
#6 /var/www/html/Yee/Route.php(462): call_user_func_array('AjaxController:...', Array)
#7 /var/www/html/Yee/Yee.php(1333): Yee\Route->dispatch()
#8 /var/www/html/Yee/Middleware/Flash.php(85): Yee\Yee->call()
#9 /var/www/html/Yee/Middleware/MethodOverride.php(92): Yee\Middleware\Flash->call()
#10 /var/www/html/Yee/Middleware/PrettyExceptions.php(67): Yee\Middleware\MethodOverride->call()
#11 /var/www/html/Yee/Yee.php(1278): Yee\Middleware\PrettyExceptions->call()
#12 /var/www/html/index.php(43): Yee\Yee->execute()
#13 {main}
